<?xml version="1.0" encoding="UTF-8"?>
<testsuite name="com.labrielevis.sectionservice.presentationlayer.ProductControllerIntegrationTest" tests="1" skipped="0" failures="1" errors="0" timestamp="2022-09-11T20:21:50" hostname="MacBook-Pro-de-Felix.local" time="0.18">
  <properties/>
  <testcase name="whenSectionIdIsValid_returnDetailsOfASection()" classname="com.labrielevis.sectionservice.presentationlayer.ProductControllerIntegrationTest" time="0.18">
    <failure message="java.lang.AssertionError: expectation &quot;expectNextCount(1)&quot; failed (expected: count = 1; actual: counted = 0; signal: onError(org.springframework.data.mongodb.UncategorizedMongoDbException: Command failed with error 13 (Unauthorized): 'command delete requires authentication' on server localhost:27017. The full response is {&quot;ok&quot;: 0.0, &quot;errmsg&quot;: &quot;command delete requires authentication&quot;, &quot;code&quot;: 13, &quot;codeName&quot;: &quot;Unauthorized&quot;}; nested exception is com.mongodb.MongoCommandException: Command failed with error 13 (Unauthorized): 'command delete requires authentication' on server localhost:27017. The full response is {&quot;ok&quot;: 0.0, &quot;errmsg&quot;: &quot;command delete requires authentication&quot;, &quot;code&quot;: 13, &quot;codeName&quot;: &quot;Unauthorized&quot;}))" type="java.lang.AssertionError">java.lang.AssertionError: expectation &quot;expectNextCount(1)&quot; failed (expected: count = 1; actual: counted = 0; signal: onError(org.springframework.data.mongodb.UncategorizedMongoDbException: Command failed with error 13 (Unauthorized): 'command delete requires authentication' on server localhost:27017. The full response is {&quot;ok&quot;: 0.0, &quot;errmsg&quot;: &quot;command delete requires authentication&quot;, &quot;code&quot;: 13, &quot;codeName&quot;: &quot;Unauthorized&quot;}; nested exception is com.mongodb.MongoCommandException: Command failed with error 13 (Unauthorized): 'command delete requires authentication' on server localhost:27017. The full response is {&quot;ok&quot;: 0.0, &quot;errmsg&quot;: &quot;command delete requires authentication&quot;, &quot;code&quot;: 13, &quot;codeName&quot;: &quot;Unauthorized&quot;}))
	at reactor.test.MessageFormatter.assertionError(MessageFormatter.java:115)
	at reactor.test.MessageFormatter.failPrefix(MessageFormatter.java:104)
	at reactor.test.MessageFormatter.fail(MessageFormatter.java:73)
	at reactor.test.MessageFormatter.failOptional(MessageFormatter.java:88)
	at reactor.test.DefaultStepVerifierBuilder$DefaultVerifySubscriber.checkCountMismatch(DefaultStepVerifierBuilder.java:1372)
	at reactor.test.DefaultStepVerifierBuilder$DefaultVerifySubscriber.onSignalCount(DefaultStepVerifierBuilder.java:1609)
	at reactor.test.DefaultStepVerifierBuilder$DefaultVerifySubscriber.onExpectation(DefaultStepVerifierBuilder.java:1466)
	at reactor.test.DefaultStepVerifierBuilder$DefaultVerifySubscriber.onError(DefaultStepVerifierBuilder.java:1129)
	at reactor.core.publisher.FluxConcatArray$ConcatArraySubscriber.onError(FluxConcatArray.java:207)
	at reactor.core.publisher.MonoIgnoreElements$IgnoreElementsSubscriber.onError(MonoIgnoreElements.java:84)
	at reactor.core.publisher.MonoUsingWhen$MonoUsingWhenSubscriber.deferredError(MonoUsingWhen.java:277)
	at reactor.core.publisher.FluxUsingWhen$RollbackInner.onComplete(FluxUsingWhen.java:475)
	at reactor.core.publisher.Operators.complete(Operators.java:137)
	at reactor.core.publisher.MonoEmpty.subscribe(MonoEmpty.java:46)
	at reactor.core.publisher.Mono.subscribe(Mono.java:4397)
	at reactor.core.publisher.FluxUsingWhen$UsingWhenSubscriber.onError(FluxUsingWhen.java:364)
	at reactor.core.publisher.MonoIgnoreThen$ThenIgnoreMain.onError(MonoIgnoreThen.java:278)
	at reactor.core.publisher.MonoNext$NextSubscriber.onError(MonoNext.java:93)
	at reactor.core.publisher.FluxPeek$PeekSubscriber.onError(FluxPeek.java:222)
	at reactor.core.publisher.FluxOnErrorResume$ResumeSubscriber.onError(FluxOnErrorResume.java:106)
	at reactor.core.publisher.Operators.error(Operators.java:198)
	at reactor.core.publisher.MonoError.subscribe(MonoError.java:53)
	at reactor.core.publisher.Mono.subscribe(Mono.java:4397)
	at reactor.core.publisher.FluxOnErrorResume$ResumeSubscriber.onError(FluxOnErrorResume.java:103)
	at reactor.core.publisher.MonoFlatMapMany$FlatMapManyInner.onError(MonoFlatMapMany.java:255)
	at reactor.core.publisher.FluxMap$MapSubscriber.onError(FluxMap.java:134)
	at reactor.core.publisher.FluxOnErrorResume$ResumeSubscriber.onError(FluxOnErrorResume.java:106)
	at reactor.core.publisher.Operators.error(Operators.java:198)
	at reactor.core.publisher.MonoError.subscribe(MonoError.java:53)
	at reactor.core.publisher.Mono.subscribe(Mono.java:4397)
	at reactor.core.publisher.FluxOnErrorResume$ResumeSubscriber.onError(FluxOnErrorResume.java:103)
	at reactor.core.publisher.MonoNext$NextSubscriber.onError(MonoNext.java:93)
	at reactor.core.publisher.MonoNext$NextSubscriber.onError(MonoNext.java:93)
	at reactor.core.publisher.MonoFlatMap$FlatMapMain.secondError(MonoFlatMap.java:192)
	at reactor.core.publisher.MonoFlatMap$FlatMapInner.onError(MonoFlatMap.java:259)
	at reactor.core.publisher.MonoPeekTerminal$MonoTerminalPeekSubscriber.onError(MonoPeekTerminal.java:258)
	at reactor.core.publisher.MonoCreate$DefaultMonoSink.error(MonoCreate.java:201)
	at com.mongodb.reactivestreams.client.internal.MongoOperationPublisher.lambda$sinkToCallback$30(MongoOperationPublisher.java:545)
	at com.mongodb.reactivestreams.client.internal.OperationExecutorImpl.lambda$execute$9(OperationExecutorImpl.java:124)
	at com.mongodb.internal.async.ErrorHandlingResultCallback.onResult(ErrorHandlingResultCallback.java:48)
	at com.mongodb.internal.operation.CommandOperationHelper.lambda$exceptionTransformingCallback$23(CommandOperationHelper.java:632)
	at com.mongodb.internal.async.function.AsyncCallbackSupplier.lambda$whenComplete$1(AsyncCallbackSupplier.java:95)
	at com.mongodb.internal.async.function.RetryingAsyncCallbackSupplier$RetryingCallback.onResult(RetryingAsyncCallbackSupplier.java:109)
	at com.mongodb.internal.async.ErrorHandlingResultCallback.onResult(ErrorHandlingResultCallback.java:48)
	at com.mongodb.internal.async.function.AsyncCallbackSupplier.lambda$whenComplete$1(AsyncCallbackSupplier.java:95)
	at com.mongodb.internal.async.ErrorHandlingResultCallback.onResult(ErrorHandlingResultCallback.java:48)
	at com.mongodb.internal.async.function.AsyncCallbackSupplier.lambda$whenComplete$1(AsyncCallbackSupplier.java:95)
	at com.mongodb.internal.operation.MixedBulkWriteOperation.lambda$executeBulkWriteBatchAsync$11(MixedBulkWriteOperation.java:454)
	at com.mongodb.internal.async.function.AsyncCallbackLoop$LoopingCallback.onResult(AsyncCallbackLoop.java:72)
	at com.mongodb.internal.async.function.AsyncCallbackLoop$LoopingCallback.onResult(AsyncCallbackLoop.java:61)
	at com.mongodb.internal.operation.MixedBulkWriteOperation.lambda$executeBulkWriteBatchAsync$9(MixedBulkWriteOperation.java:448)
	at com.mongodb.internal.async.ErrorHandlingResultCallback.onResult(ErrorHandlingResultCallback.java:48)
	at com.mongodb.internal.connection.DefaultServer$DefaultServerProtocolExecutor$2.onResult(DefaultServer.java:272)
	at com.mongodb.internal.async.ErrorHandlingResultCallback.onResult(ErrorHandlingResultCallback.java:48)
	at com.mongodb.internal.connection.CommandProtocolImpl$1.onResult(CommandProtocolImpl.java:82)
	at com.mongodb.internal.connection.DefaultConnectionPool$PooledConnection$1.onResult(DefaultConnectionPool.java:684)
	at com.mongodb.internal.connection.UsageTrackingInternalConnection$2.onResult(UsageTrackingInternalConnection.java:159)
	at com.mongodb.internal.async.ErrorHandlingResultCallback.onResult(ErrorHandlingResultCallback.java:48)
	at com.mongodb.internal.connection.InternalStreamConnection$2$1.onResult(InternalStreamConnection.java:523)
	at com.mongodb.internal.connection.InternalStreamConnection$2$1.onResult(InternalStreamConnection.java:498)
	at com.mongodb.internal.connection.InternalStreamConnection$MessageHeaderCallback$MessageCallback.onResult(InternalStreamConnection.java:821)
	at com.mongodb.internal.connection.InternalStreamConnection$MessageHeaderCallback$MessageCallback.onResult(InternalStreamConnection.java:785)
	at com.mongodb.internal.connection.InternalStreamConnection$5.completed(InternalStreamConnection.java:645)
	at com.mongodb.internal.connection.InternalStreamConnection$5.completed(InternalStreamConnection.java:642)
	at com.mongodb.connection.netty.NettyStream.readAsync(NettyStream.java:319)
	at com.mongodb.connection.netty.NettyStream.readAsync(NettyStream.java:266)
	at com.mongodb.internal.connection.InternalStreamConnection.readAsync(InternalStreamConnection.java:642)
	at com.mongodb.internal.connection.InternalStreamConnection.access$600(InternalStreamConnection.java:86)
	at com.mongodb.internal.connection.InternalStreamConnection$MessageHeaderCallback.onResult(InternalStreamConnection.java:775)
	at com.mongodb.internal.connection.InternalStreamConnection$MessageHeaderCallback.onResult(InternalStreamConnection.java:760)
	at com.mongodb.internal.connection.InternalStreamConnection$5.completed(InternalStreamConnection.java:645)
	at com.mongodb.internal.connection.InternalStreamConnection$5.completed(InternalStreamConnection.java:642)
	at com.mongodb.connection.netty.NettyStream.readAsync(NettyStream.java:319)
	at com.mongodb.connection.netty.NettyStream.handleReadResponse(NettyStream.java:347)
	at com.mongodb.connection.netty.NettyStream.access$1100(NettyStream.java:105)
	at com.mongodb.connection.netty.NettyStream$InboundBufferHandler.channelRead0(NettyStream.java:421)
	at com.mongodb.connection.netty.NettyStream$InboundBufferHandler.channelRead0(NettyStream.java:418)
	at io.netty.channel.SimpleChannelInboundHandler.channelRead(SimpleChannelInboundHandler.java:99)
	at io.netty.channel.AbstractChannelHandlerContext.invokeChannelRead(AbstractChannelHandlerContext.java:379)
	at io.netty.channel.AbstractChannelHandlerContext.invokeChannelRead(AbstractChannelHandlerContext.java:365)
	at io.netty.channel.AbstractChannelHandlerContext.fireChannelRead(AbstractChannelHandlerContext.java:357)
	at io.netty.channel.DefaultChannelPipeline$HeadContext.channelRead(DefaultChannelPipeline.java:1410)
	at io.netty.channel.AbstractChannelHandlerContext.invokeChannelRead(AbstractChannelHandlerContext.java:379)
	at io.netty.channel.AbstractChannelHandlerContext.invokeChannelRead(AbstractChannelHandlerContext.java:365)
	at io.netty.channel.DefaultChannelPipeline.fireChannelRead(DefaultChannelPipeline.java:919)
	at io.netty.channel.nio.AbstractNioByteChannel$NioByteUnsafe.read(AbstractNioByteChannel.java:166)
	at io.netty.channel.nio.NioEventLoop.processSelectedKey(NioEventLoop.java:722)
	at io.netty.channel.nio.NioEventLoop.processSelectedKeysOptimized(NioEventLoop.java:658)
	at io.netty.channel.nio.NioEventLoop.processSelectedKeys(NioEventLoop.java:584)
	at io.netty.channel.nio.NioEventLoop.run(NioEventLoop.java:496)
	at io.netty.util.concurrent.SingleThreadEventExecutor$4.run(SingleThreadEventExecutor.java:997)
	at io.netty.util.internal.ThreadExecutorMap$2.run(ThreadExecutorMap.java:74)
	at io.netty.util.concurrent.FastThreadLocalRunnable.run(FastThreadLocalRunnable.java:30)
	at java.base/java.lang.Thread.run(Thread.java:833)
	Suppressed: org.springframework.data.mongodb.UncategorizedMongoDbException: Command failed with error 13 (Unauthorized): 'command delete requires authentication' on server localhost:27017. The full response is {&quot;ok&quot;: 0.0, &quot;errmsg&quot;: &quot;command delete requires authentication&quot;, &quot;code&quot;: 13, &quot;codeName&quot;: &quot;Unauthorized&quot;}; nested exception is com.mongodb.MongoCommandException: Command failed with error 13 (Unauthorized): 'command delete requires authentication' on server localhost:27017. The full response is {&quot;ok&quot;: 0.0, &quot;errmsg&quot;: &quot;command delete requires authentication&quot;, &quot;code&quot;: 13, &quot;codeName&quot;: &quot;Unauthorized&quot;}
		at app//org.springframework.data.mongodb.core.MongoExceptionTranslator.translateExceptionIfPossible(MongoExceptionTranslator.java:140)
		at app//org.springframework.data.mongodb.core.ReactiveMongoTemplate.potentiallyConvertRuntimeException(ReactiveMongoTemplate.java:2954)
		at app//org.springframework.data.mongodb.core.ReactiveMongoTemplate.lambda$translateException$89(ReactiveMongoTemplate.java:2937)
		at app//reactor.core.publisher.Flux.lambda$onErrorMap$28(Flux.java:6908)
		at app//reactor.core.publisher.FluxOnErrorResume$ResumeSubscriber.onError(FluxOnErrorResume.java:94)
		... 70 more
	Caused by: com.mongodb.MongoCommandException: Command failed with error 13 (Unauthorized): 'command delete requires authentication' on server localhost:27017. The full response is {&quot;ok&quot;: 0.0, &quot;errmsg&quot;: &quot;command delete requires authentication&quot;, &quot;code&quot;: 13, &quot;codeName&quot;: &quot;Unauthorized&quot;}
		at app//com.mongodb.internal.connection.ProtocolHelper.getCommandFailureException(ProtocolHelper.java:198)
		at app//com.mongodb.internal.connection.InternalStreamConnection$2$1.onResult(InternalStreamConnection.java:512)
		... 35 more
</failure>
  </testcase>
  <system-out><![CDATA[16:21:49.830 [Test worker] DEBUG org.springframework.test.context.BootstrapUtils - Instantiating CacheAwareContextLoaderDelegate from class [org.springframework.test.context.cache.DefaultCacheAwareContextLoaderDelegate]
16:21:49.834 [Test worker] DEBUG org.springframework.test.context.BootstrapUtils - Instantiating BootstrapContext using constructor [public org.springframework.test.context.support.DefaultBootstrapContext(java.lang.Class,org.springframework.test.context.CacheAwareContextLoaderDelegate)]
16:21:49.848 [Test worker] DEBUG org.springframework.test.context.BootstrapUtils - Instantiating TestContextBootstrapper for test class [com.labrielevis.sectionservice.presentationlayer.ProductControllerIntegrationTest] from class [org.springframework.boot.test.context.SpringBootTestContextBootstrapper]
16:21:49.852 [Test worker] INFO org.springframework.boot.test.context.SpringBootTestContextBootstrapper - Neither @ContextConfiguration nor @ContextHierarchy found for test class [com.labrielevis.sectionservice.presentationlayer.ProductControllerIntegrationTest], using SpringBootContextLoader
16:21:49.854 [Test worker] DEBUG org.springframework.test.context.support.AbstractContextLoader - Did not detect default resource location for test class [com.labrielevis.sectionservice.presentationlayer.ProductControllerIntegrationTest]: class path resource [com/labrielevis/sectionservice/presentationlayer/ProductControllerIntegrationTest-context.xml] does not exist
16:21:49.854 [Test worker] DEBUG org.springframework.test.context.support.AbstractContextLoader - Did not detect default resource location for test class [com.labrielevis.sectionservice.presentationlayer.ProductControllerIntegrationTest]: class path resource [com/labrielevis/sectionservice/presentationlayer/ProductControllerIntegrationTestContext.groovy] does not exist
16:21:49.854 [Test worker] INFO org.springframework.test.context.support.AbstractContextLoader - Could not detect default resource locations for test class [com.labrielevis.sectionservice.presentationlayer.ProductControllerIntegrationTest]: no resource found for suffixes {-context.xml, Context.groovy}.
16:21:49.854 [Test worker] INFO org.springframework.test.context.support.AnnotationConfigContextLoaderUtils - Could not detect default configuration classes for test class [com.labrielevis.sectionservice.presentationlayer.ProductControllerIntegrationTest]: ProductControllerIntegrationTest does not declare any static, non-private, non-final, nested classes annotated with @Configuration.
16:21:49.877 [Test worker] DEBUG org.springframework.test.context.support.ActiveProfilesUtils - Could not find an 'annotation declaring class' for annotation type [org.springframework.test.context.ActiveProfiles] and class [com.labrielevis.sectionservice.presentationlayer.ProductControllerIntegrationTest]
16:21:49.903 [Test worker] DEBUG org.springframework.context.annotation.ClassPathScanningCandidateComponentProvider - Identified candidate component class: file [/Users/flabrie/Code/Assig1.FinalProjectClass/section-service/build/classes/java/main/com/labrielevis/sectionservice/SectionServiceApplication.class]
16:21:49.904 [Test worker] INFO org.springframework.boot.test.context.SpringBootTestContextBootstrapper - Found @SpringBootConfiguration com.labrielevis.sectionservice.SectionServiceApplication for test class com.labrielevis.sectionservice.presentationlayer.ProductControllerIntegrationTest
16:21:49.933 [Test worker] DEBUG org.springframework.boot.test.context.SpringBootTestContextBootstrapper - @TestExecutionListeners is not present for class [com.labrielevis.sectionservice.presentationlayer.ProductControllerIntegrationTest]: using defaults.
16:21:49.933 [Test worker] INFO org.springframework.boot.test.context.SpringBootTestContextBootstrapper - Loaded default TestExecutionListener class names from location [META-INF/spring.factories]: [org.springframework.boot.test.autoconfigure.restdocs.RestDocsTestExecutionListener, org.springframework.boot.test.autoconfigure.web.client.MockRestServiceServerResetTestExecutionListener, org.springframework.boot.test.autoconfigure.web.servlet.MockMvcPrintOnlyOnFailureTestExecutionListener, org.springframework.boot.test.autoconfigure.web.servlet.WebDriverTestExecutionListener, org.springframework.boot.test.autoconfigure.webservices.client.MockWebServiceServerTestExecutionListener, org.springframework.boot.test.mock.mockito.MockitoTestExecutionListener, org.springframework.boot.test.mock.mockito.ResetMocksTestExecutionListener, org.springframework.test.context.web.ServletTestExecutionListener, org.springframework.test.context.support.DirtiesContextBeforeModesTestExecutionListener, org.springframework.test.context.event.ApplicationEventsTestExecutionListener, org.springframework.test.context.support.DependencyInjectionTestExecutionListener, org.springframework.test.context.support.DirtiesContextTestExecutionListener, org.springframework.test.context.transaction.TransactionalTestExecutionListener, org.springframework.test.context.jdbc.SqlScriptsTestExecutionListener, org.springframework.test.context.event.EventPublishingTestExecutionListener]
16:21:49.936 [Test worker] DEBUG org.springframework.boot.test.context.SpringBootTestContextBootstrapper - Skipping candidate TestExecutionListener [org.springframework.test.context.web.ServletTestExecutionListener] due to a missing dependency. Specify custom listener classes or make the default listener classes and their required dependencies available. Offending class: [javax/servlet/ServletContext]
16:21:49.942 [Test worker] INFO org.springframework.boot.test.context.SpringBootTestContextBootstrapper - Using TestExecutionListeners: [org.springframework.test.context.support.DirtiesContextBeforeModesTestExecutionListener@1de5f0ef, org.springframework.test.context.event.ApplicationEventsTestExecutionListener@376a312c, org.springframework.boot.test.mock.mockito.MockitoTestExecutionListener@28d6290, org.springframework.boot.test.autoconfigure.SpringBootDependencyInjectionTestExecutionListener@6ca0256d, org.springframework.test.context.support.DirtiesContextTestExecutionListener@5ef0d29e, org.springframework.test.context.transaction.TransactionalTestExecutionListener@38f57b3d, org.springframework.test.context.jdbc.SqlScriptsTestExecutionListener@51850751, org.springframework.test.context.event.EventPublishingTestExecutionListener@3ce3db41, org.springframework.boot.test.autoconfigure.restdocs.RestDocsTestExecutionListener@64df9a61, org.springframework.boot.test.autoconfigure.web.client.MockRestServiceServerResetTestExecutionListener@77602954, org.springframework.boot.test.autoconfigure.web.servlet.MockMvcPrintOnlyOnFailureTestExecutionListener@e260766, org.springframework.boot.test.autoconfigure.web.servlet.WebDriverTestExecutionListener@2c3dec30, org.springframework.boot.test.autoconfigure.webservices.client.MockWebServiceServerTestExecutionListener@34a97744, org.springframework.boot.test.mock.mockito.ResetMocksTestExecutionListener@4275c20c]
16:21:49.944 [Test worker] DEBUG org.springframework.test.context.support.AbstractDirtiesContextTestExecutionListener - Before test class: context [DefaultTestContext@34625ccd testClass = ProductControllerIntegrationTest, testInstance = [null], testMethod = [null], testException = [null], mergedContextConfiguration = [ReactiveWebMergedContextConfiguration@2c7d121c testClass = ProductControllerIntegrationTest, locations = '{}', classes = '{class com.labrielevis.sectionservice.SectionServiceApplication}', contextInitializerClasses = '[]', activeProfiles = '{}', propertySourceLocations = '{}', propertySourceProperties = '{spring.data.mongodb.port: 27017, org.springframework.boot.test.context.SpringBootTestContextBootstrapper=true, server.port=0}', contextCustomizers = set[org.springframework.boot.test.autoconfigure.actuate.metrics.MetricsExportContextCustomizerFactory$DisableMetricExportContextCustomizer@1800a575, org.springframework.boot.test.autoconfigure.properties.PropertyMappingContextCustomizer@ec54a5c9, org.springframework.boot.test.autoconfigure.web.servlet.WebDriverContextCustomizerFactory$Customizer@9ebe38b, [ImportsContextCustomizer@65aa6596 key = [org.springframework.boot.autoconfigure.security.oauth2.client.reactive.ReactiveOAuth2ClientAutoConfiguration, org.springframework.boot.autoconfigure.security.oauth2.resource.reactive.ReactiveOAuth2ResourceServerAutoConfiguration, org.springframework.boot.autoconfigure.security.reactive.ReactiveSecurityAutoConfiguration, org.springframework.boot.autoconfigure.security.reactive.ReactiveUserDetailsServiceAutoConfiguration, org.springframework.boot.test.autoconfigure.web.reactive.WebTestClientAutoConfiguration]], org.springframework.boot.test.context.filter.ExcludeFilterContextCustomizer@2f16c6b3, org.springframework.boot.test.json.DuplicateJsonObjectContextCustomizerFactory$DuplicateJsonObjectContextCustomizer@52c3cb31, org.springframework.boot.test.mock.mockito.MockitoContextCustomizer@0, org.springframework.boot.test.web.client.TestRestTemplateContextCustomizer@12f9af83, org.springframework.boot.test.web.reactive.server.WebTestClientContextCustomizer@2631f68c, org.springframework.boot.test.context.SpringBootTestArgs@1, org.springframework.boot.test.context.SpringBootTestWebEnvironment@57250572], contextLoader = 'org.springframework.boot.test.context.SpringBootContextLoader', parent = [null]], attributes = map['org.springframework.test.context.web.ServletTestExecutionListener.activateListener' -> false]], class annotated with @DirtiesContext [false] with mode [null].
16:21:49.949 [Test worker] DEBUG org.springframework.test.context.support.DependencyInjectionTestExecutionListener - Performing dependency injection for test context [[DefaultTestContext@34625ccd testClass = ProductControllerIntegrationTest, testInstance = com.labrielevis.sectionservice.presentationlayer.ProductControllerIntegrationTest@675d8c96, testMethod = [null], testException = [null], mergedContextConfiguration = [ReactiveWebMergedContextConfiguration@2c7d121c testClass = ProductControllerIntegrationTest, locations = '{}', classes = '{class com.labrielevis.sectionservice.SectionServiceApplication}', contextInitializerClasses = '[]', activeProfiles = '{}', propertySourceLocations = '{}', propertySourceProperties = '{spring.data.mongodb.port: 27017, org.springframework.boot.test.context.SpringBootTestContextBootstrapper=true, server.port=0}', contextCustomizers = set[org.springframework.boot.test.autoconfigure.actuate.metrics.MetricsExportContextCustomizerFactory$DisableMetricExportContextCustomizer@1800a575, org.springframework.boot.test.autoconfigure.properties.PropertyMappingContextCustomizer@ec54a5c9, org.springframework.boot.test.autoconfigure.web.servlet.WebDriverContextCustomizerFactory$Customizer@9ebe38b, [ImportsContextCustomizer@65aa6596 key = [org.springframework.boot.autoconfigure.security.oauth2.client.reactive.ReactiveOAuth2ClientAutoConfiguration, org.springframework.boot.autoconfigure.security.oauth2.resource.reactive.ReactiveOAuth2ResourceServerAutoConfiguration, org.springframework.boot.autoconfigure.security.reactive.ReactiveSecurityAutoConfiguration, org.springframework.boot.autoconfigure.security.reactive.ReactiveUserDetailsServiceAutoConfiguration, org.springframework.boot.test.autoconfigure.web.reactive.WebTestClientAutoConfiguration]], org.springframework.boot.test.context.filter.ExcludeFilterContextCustomizer@2f16c6b3, org.springframework.boot.test.json.DuplicateJsonObjectContextCustomizerFactory$DuplicateJsonObjectContextCustomizer@52c3cb31, org.springframework.boot.test.mock.mockito.MockitoContextCustomizer@0, org.springframework.boot.test.web.client.TestRestTemplateContextCustomizer@12f9af83, org.springframework.boot.test.web.reactive.server.WebTestClientContextCustomizer@2631f68c, org.springframework.boot.test.context.SpringBootTestArgs@1, org.springframework.boot.test.context.SpringBootTestWebEnvironment@57250572], contextLoader = 'org.springframework.boot.test.context.SpringBootContextLoader', parent = [null]], attributes = map['org.springframework.test.context.web.ServletTestExecutionListener.activateListener' -> false, 'org.springframework.test.context.event.ApplicationEventsTestExecutionListener.recordApplicationEvents' -> false]]].

  .   ____          _            __ _ _
 /\\ / ___'_ __ _ _(_)_ __  __ _ \ \ \ \
( ( )\___ | '_ | '_| | '_ \/ _` | \ \ \ \
 \\/  ___)| |_)| | | | | || (_| |  ) ) ) )
  '  |____| .__|_| |_|_| |_\__, | / / / /
 =========|_|==============|___/=/_/_/_/
 :: Spring Boot ::                (v2.7.3)

2022-09-11 16:21:50.093  INFO 73006 --- [    Test worker] c.l.s.p.ProductControllerIntegrationTest : Starting ProductControllerIntegrationTest using Java 17.0.2 on MacBook-Pro-de-Felix.local with PID 73006 (started by flabrie in /Users/flabrie/Code/Assig1.FinalProjectClass/section-service)
2022-09-11 16:21:50.094  INFO 73006 --- [    Test worker] c.l.s.p.ProductControllerIntegrationTest : No active profile set, falling back to 1 default profile: "default"
2022-09-11 16:21:50.289  INFO 73006 --- [    Test worker] .s.d.r.c.RepositoryConfigurationDelegate : Bootstrapping Spring Data Reactive MongoDB repositories in DEFAULT mode.
2022-09-11 16:21:50.346  INFO 73006 --- [    Test worker] .s.d.r.c.RepositoryConfigurationDelegate : Finished Spring Data repository scanning in 55 ms. Found 1 Reactive MongoDB repository interfaces.
2022-09-11 16:21:50.591  INFO 73006 --- [    Test worker] org.mongodb.driver.client                : MongoClient with metadata {"driver": {"name": "mongo-java-driver|reactive-streams|spring-boot", "version": "4.6.1"}, "os": {"type": "Darwin", "name": "Mac OS X", "architecture": "aarch64", "version": "12.5.1"}, "platform": "Java/Oracle Corporation/17.0.2+8-86"} created with settings MongoClientSettings{readPreference=primary, writeConcern=WriteConcern{w=null, wTimeout=null ms, journal=null}, retryWrites=true, retryReads=true, readConcern=ReadConcern{level=null}, credential=null, streamFactoryFactory=NettyStreamFactoryFactory{eventLoopGroup=io.netty.channel.nio.NioEventLoopGroup@29f3c438, socketChannelClass=class io.netty.channel.socket.nio.NioSocketChannel, allocator=PooledByteBufAllocator(directByDefault: true), sslContext=null}, commandListeners=[], codecRegistry=ProvidersCodecRegistry{codecProviders=[ValueCodecProvider{}, BsonValueCodecProvider{}, DBRefCodecProvider{}, DBObjectCodecProvider{}, DocumentCodecProvider{}, IterableCodecProvider{}, MapCodecProvider{}, GeoJsonCodecProvider{}, GridFSFileCodecProvider{}, Jsr310CodecProvider{}, JsonObjectCodecProvider{}, BsonCodecProvider{}, EnumCodecProvider{}, com.mongodb.Jep395RecordCodecProvider@5460edd3]}, clusterSettings={hosts=[localhost:27017], srvServiceName=mongodb, mode=SINGLE, requiredClusterType=UNKNOWN, requiredReplicaSetName='null', serverSelector='null', clusterListeners='[]', serverSelectionTimeout='30000 ms', localThreshold='30000 ms'}, socketSettings=SocketSettings{connectTimeoutMS=10000, readTimeoutMS=0, receiveBufferSize=0, sendBufferSize=0}, heartbeatSocketSettings=SocketSettings{connectTimeoutMS=10000, readTimeoutMS=10000, receiveBufferSize=0, sendBufferSize=0}, connectionPoolSettings=ConnectionPoolSettings{maxSize=100, minSize=0, maxWaitTimeMS=120000, maxConnectionLifeTimeMS=0, maxConnectionIdleTimeMS=0, maintenanceInitialDelayMS=0, maintenanceFrequencyMS=60000, connectionPoolListeners=[], maxConnecting=2}, serverSettings=ServerSettings{heartbeatFrequencyMS=10000, minHeartbeatFrequencyMS=500, serverListeners='[]', serverMonitorListeners='[]'}, sslSettings=SslSettings{enabled=false, invalidHostNameAllowed=false, context=null}, applicationName='null', compressorList=[], uuidRepresentation=JAVA_LEGACY, serverApi=null, autoEncryptionSettings=null, contextProvider=null}
2022-09-11 16:21:50.637  INFO 73006 --- [localhost:27017] org.mongodb.driver.connection            : Opened connection [connectionId{localValue:2, serverValue:53}] to localhost:27017
2022-09-11 16:21:50.637  INFO 73006 --- [localhost:27017] org.mongodb.driver.connection            : Opened connection [connectionId{localValue:1, serverValue:54}] to localhost:27017
2022-09-11 16:21:50.637  INFO 73006 --- [localhost:27017] org.mongodb.driver.cluster               : Monitor thread successfully connected to server with description ServerDescription{address=localhost:27017, type=STANDALONE, state=CONNECTED, ok=true, minWireVersion=0, maxWireVersion=17, maxDocumentSize=16777216, logicalSessionTimeoutMinutes=30, roundTripTimeNanos=27578625}
2022-09-11 16:21:50.910  INFO 73006 --- [    Test worker] o.s.b.web.embedded.netty.NettyWebServer  : Netty started on port 64097
2022-09-11 16:21:50.916  INFO 73006 --- [    Test worker] c.l.s.p.ProductControllerIntegrationTest : Started ProductControllerIntegrationTest in 0.957 seconds (JVM running for 1.421)
2022-09-11 16:21:50.921  INFO 73006 --- [    Test worker] Number=100, roomNumber=201, teacherId=1) : | onSubscribe([Fuseable] FluxMapFuseable.MapFuseableSubscriber)
2022-09-11 16:21:50.922  INFO 73006 --- [    Test worker] Number=100, roomNumber=201, teacherId=1) : | request(32)
2022-09-11 16:21:50.956  INFO 73006 --- [    Test worker] Number=101, roomNumber=202, teacherId=2) : | onSubscribe([Fuseable] FluxMapFuseable.MapFuseableSubscriber)
2022-09-11 16:21:50.957  INFO 73006 --- [    Test worker] Number=101, roomNumber=202, teacherId=2) : | request(32)
2022-09-11 16:21:50.957  INFO 73006 --- [    Test worker] Number=102, roomNumber=203, teacherId=3) : | onSubscribe([Fuseable] FluxMapFuseable.MapFuseableSubscriber)
2022-09-11 16:21:50.957  INFO 73006 --- [    Test worker] Number=102, roomNumber=203, teacherId=3) : | request(32)
2022-09-11 16:21:50.958  INFO 73006 --- [    Test worker] Number=103, roomNumber=204, teacherId=4) : | onSubscribe([Fuseable] FluxMapFuseable.MapFuseableSubscriber)
2022-09-11 16:21:50.958  INFO 73006 --- [    Test worker] Number=103, roomNumber=204, teacherId=4) : | request(32)
2022-09-11 16:21:50.959  INFO 73006 --- [    Test worker] Number=104, roomNumber=205, teacherId=5) : | onSubscribe([Fuseable] FluxMapFuseable.MapFuseableSubscriber)
2022-09-11 16:21:50.959  INFO 73006 --- [    Test worker] Number=104, roomNumber=205, teacherId=5) : | request(32)
2022-09-11 16:21:50.968  INFO 73006 --- [ntLoopGroup-3-4] org.mongodb.driver.connection            : Opened connection [connectionId{localValue:4, serverValue:55}] to localhost:27017
2022-09-11 16:21:50.968  INFO 73006 --- [ntLoopGroup-3-3] org.mongodb.driver.connection            : Opened connection [connectionId{localValue:3, serverValue:56}] to localhost:27017
2022-09-11 16:21:50.977  INFO 73006 --- [ntLoopGroup-3-5] org.mongodb.driver.connection            : Opened connection [connectionId{localValue:5, serverValue:58}] to localhost:27017
2022-09-11 16:21:50.982  INFO 73006 --- [ntLoopGroup-3-6] org.mongodb.driver.connection            : Opened connection [connectionId{localValue:6, serverValue:57}] to localhost:27017
2022-09-11 16:21:50.987  INFO 73006 --- [ntLoopGroup-3-7] org.mongodb.driver.connection            : Opened connection [connectionId{localValue:7, serverValue:59}] to localhost:27017
2022-09-11 16:21:50.989 ERROR 73006 --- [ntLoopGroup-3-4] Number=101, roomNumber=202, teacherId=2) : | onError(org.springframework.data.mongodb.UncategorizedMongoDbException: Command failed with error 13 (Unauthorized): 'command insert requires authentication' on server localhost:27017. The full response is {"ok": 0.0, "errmsg": "command insert requires authentication", "code": 13, "codeName": "Unauthorized"}; nested exception is com.mongodb.MongoCommandException: Command failed with error 13 (Unauthorized): 'command insert requires authentication' on server localhost:27017. The full response is {"ok": 0.0, "errmsg": "command insert requires authentication", "code": 13, "codeName": "Unauthorized"})
2022-09-11 16:21:50.989 ERROR 73006 --- [ntLoopGroup-3-5] Number=102, roomNumber=203, teacherId=3) : | onError(org.springframework.data.mongodb.UncategorizedMongoDbException: Command failed with error 13 (Unauthorized): 'command insert requires authentication' on server localhost:27017. The full response is {"ok": 0.0, "errmsg": "command insert requires authentication", "code": 13, "codeName": "Unauthorized"}; nested exception is com.mongodb.MongoCommandException: Command failed with error 13 (Unauthorized): 'command insert requires authentication' on server localhost:27017. The full response is {"ok": 0.0, "errmsg": "command insert requires authentication", "code": 13, "codeName": "Unauthorized"})
2022-09-11 16:21:50.989 ERROR 73006 --- [ntLoopGroup-3-3] Number=100, roomNumber=201, teacherId=1) : | onError(org.springframework.data.mongodb.UncategorizedMongoDbException: Command failed with error 13 (Unauthorized): 'command insert requires authentication' on server localhost:27017. The full response is {"ok": 0.0, "errmsg": "command insert requires authentication", "code": 13, "codeName": "Unauthorized"}; nested exception is com.mongodb.MongoCommandException: Command failed with error 13 (Unauthorized): 'command insert requires authentication' on server localhost:27017. The full response is {"ok": 0.0, "errmsg": "command insert requires authentication", "code": 13, "codeName": "Unauthorized"})
2022-09-11 16:21:50.989 ERROR 73006 --- [ntLoopGroup-3-6] Number=103, roomNumber=204, teacherId=4) : | onError(org.springframework.data.mongodb.UncategorizedMongoDbException: Command failed with error 13 (Unauthorized): 'command insert requires authentication' on server localhost:27017. The full response is {"ok": 0.0, "errmsg": "command insert requires authentication", "code": 13, "codeName": "Unauthorized"}; nested exception is com.mongodb.MongoCommandException: Command failed with error 13 (Unauthorized): 'command insert requires authentication' on server localhost:27017. The full response is {"ok": 0.0, "errmsg": "command insert requires authentication", "code": 13, "codeName": "Unauthorized"})
2022-09-11 16:21:50.991 ERROR 73006 --- [ntLoopGroup-3-7] Number=104, roomNumber=205, teacherId=5) : | onError(org.springframework.data.mongodb.UncategorizedMongoDbException: Command failed with error 13 (Unauthorized): 'command insert requires authentication' on server localhost:27017. The full response is {"ok": 0.0, "errmsg": "command insert requires authentication", "code": 13, "codeName": "Unauthorized"}; nested exception is com.mongodb.MongoCommandException: Command failed with error 13 (Unauthorized): 'command insert requires authentication' on server localhost:27017. The full response is {"ok": 0.0, "errmsg": "command insert requires authentication", "code": 13, "codeName": "Unauthorized"})
2022-09-11 16:21:50.992 ERROR 73006 --- [ntLoopGroup-3-3] Number=100, roomNumber=201, teacherId=1) : 

org.springframework.data.mongodb.UncategorizedMongoDbException: Command failed with error 13 (Unauthorized): 'command insert requires authentication' on server localhost:27017. The full response is {"ok": 0.0, "errmsg": "command insert requires authentication", "code": 13, "codeName": "Unauthorized"}; nested exception is com.mongodb.MongoCommandException: Command failed with error 13 (Unauthorized): 'command insert requires authentication' on server localhost:27017. The full response is {"ok": 0.0, "errmsg": "command insert requires authentication", "code": 13, "codeName": "Unauthorized"}
	at org.springframework.data.mongodb.core.MongoExceptionTranslator.translateExceptionIfPossible(MongoExceptionTranslator.java:140) ~[spring-data-mongodb-3.4.2.jar:3.4.2]
	at org.springframework.data.mongodb.core.ReactiveMongoTemplate.potentiallyConvertRuntimeException(ReactiveMongoTemplate.java:2954) ~[spring-data-mongodb-3.4.2.jar:3.4.2]
	at org.springframework.data.mongodb.core.ReactiveMongoTemplate.lambda$translateException$89(ReactiveMongoTemplate.java:2937) ~[spring-data-mongodb-3.4.2.jar:3.4.2]
	at reactor.core.publisher.Flux.lambda$onErrorMap$28(Flux.java:6908) ~[reactor-core-3.4.22.jar:3.4.22]
	at reactor.core.publisher.FluxOnErrorResume$ResumeSubscriber.onError(FluxOnErrorResume.java:94) ~[reactor-core-3.4.22.jar:3.4.22]
	at reactor.core.publisher.MonoFlatMapMany$FlatMapManyInner.onError(MonoFlatMapMany.java:255) ~[reactor-core-3.4.22.jar:3.4.22]
	at reactor.core.publisher.FluxMap$MapSubscriber.onError(FluxMap.java:134) ~[reactor-core-3.4.22.jar:3.4.22]
	at reactor.core.publisher.FluxOnErrorResume$ResumeSubscriber.onError(FluxOnErrorResume.java:106) ~[reactor-core-3.4.22.jar:3.4.22]
	at reactor.core.publisher.Operators.error(Operators.java:198) ~[reactor-core-3.4.22.jar:3.4.22]
	at reactor.core.publisher.MonoError.subscribe(MonoError.java:53) ~[reactor-core-3.4.22.jar:3.4.22]
	at reactor.core.publisher.Mono.subscribe(Mono.java:4397) ~[reactor-core-3.4.22.jar:3.4.22]
	at reactor.core.publisher.FluxOnErrorResume$ResumeSubscriber.onError(FluxOnErrorResume.java:103) ~[reactor-core-3.4.22.jar:3.4.22]
	at reactor.core.publisher.MonoNext$NextSubscriber.onError(MonoNext.java:93) ~[reactor-core-3.4.22.jar:3.4.22]
	at reactor.core.publisher.MonoNext$NextSubscriber.onError(MonoNext.java:93) ~[reactor-core-3.4.22.jar:3.4.22]
	at reactor.core.publisher.MonoFlatMap$FlatMapMain.secondError(MonoFlatMap.java:192) ~[reactor-core-3.4.22.jar:3.4.22]
	at reactor.core.publisher.MonoFlatMap$FlatMapInner.onError(MonoFlatMap.java:259) ~[reactor-core-3.4.22.jar:3.4.22]
	at reactor.core.publisher.MonoPeekTerminal$MonoTerminalPeekSubscriber.onError(MonoPeekTerminal.java:258) ~[reactor-core-3.4.22.jar:3.4.22]
	at reactor.core.publisher.MonoCreate$DefaultMonoSink.error(MonoCreate.java:201) ~[reactor-core-3.4.22.jar:3.4.22]
	at com.mongodb.reactivestreams.client.internal.MongoOperationPublisher.lambda$sinkToCallback$30(MongoOperationPublisher.java:545) ~[mongodb-driver-reactivestreams-4.6.1.jar:na]
	at com.mongodb.reactivestreams.client.internal.OperationExecutorImpl.lambda$execute$9(OperationExecutorImpl.java:124) ~[mongodb-driver-reactivestreams-4.6.1.jar:na]
	at com.mongodb.internal.async.ErrorHandlingResultCallback.onResult(ErrorHandlingResultCallback.java:48) ~[mongodb-driver-core-4.6.1.jar:na]
	at com.mongodb.internal.operation.CommandOperationHelper.lambda$exceptionTransformingCallback$23(CommandOperationHelper.java:632) ~[mongodb-driver-core-4.6.1.jar:na]
	at com.mongodb.internal.async.function.AsyncCallbackSupplier.lambda$whenComplete$1(AsyncCallbackSupplier.java:95) ~[mongodb-driver-core-4.6.1.jar:na]
	at com.mongodb.internal.async.function.RetryingAsyncCallbackSupplier$RetryingCallback.onResult(RetryingAsyncCallbackSupplier.java:109) ~[mongodb-driver-core-4.6.1.jar:na]
	at com.mongodb.internal.async.ErrorHandlingResultCallback.onResult(ErrorHandlingResultCallback.java:48) ~[mongodb-driver-core-4.6.1.jar:na]
	at com.mongodb.internal.async.function.AsyncCallbackSupplier.lambda$whenComplete$1(AsyncCallbackSupplier.java:95) ~[mongodb-driver-core-4.6.1.jar:na]
	at com.mongodb.internal.async.ErrorHandlingResultCallback.onResult(ErrorHandlingResultCallback.java:48) ~[mongodb-driver-core-4.6.1.jar:na]
	at com.mongodb.internal.async.function.AsyncCallbackSupplier.lambda$whenComplete$1(AsyncCallbackSupplier.java:95) ~[mongodb-driver-core-4.6.1.jar:na]
	at com.mongodb.internal.operation.MixedBulkWriteOperation.lambda$executeBulkWriteBatchAsync$11(MixedBulkWriteOperation.java:454) ~[mongodb-driver-core-4.6.1.jar:na]
	at com.mongodb.internal.async.function.AsyncCallbackLoop$LoopingCallback.onResult(AsyncCallbackLoop.java:72) ~[mongodb-driver-core-4.6.1.jar:na]
	at com.mongodb.internal.async.function.AsyncCallbackLoop$LoopingCallback.onResult(AsyncCallbackLoop.java:61) ~[mongodb-driver-core-4.6.1.jar:na]
	at com.mongodb.internal.operation.MixedBulkWriteOperation.lambda$executeBulkWriteBatchAsync$9(MixedBulkWriteOperation.java:448) ~[mongodb-driver-core-4.6.1.jar:na]
	at com.mongodb.internal.async.ErrorHandlingResultCallback.onResult(ErrorHandlingResultCallback.java:48) ~[mongodb-driver-core-4.6.1.jar:na]
	at com.mongodb.internal.connection.DefaultServer$DefaultServerProtocolExecutor$2.onResult(DefaultServer.java:272) ~[mongodb-driver-core-4.6.1.jar:na]
	at com.mongodb.internal.async.ErrorHandlingResultCallback.onResult(ErrorHandlingResultCallback.java:48) ~[mongodb-driver-core-4.6.1.jar:na]
	at com.mongodb.internal.connection.CommandProtocolImpl$1.onResult(CommandProtocolImpl.java:82) ~[mongodb-driver-core-4.6.1.jar:na]
	at com.mongodb.internal.connection.DefaultConnectionPool$PooledConnection$1.onResult(DefaultConnectionPool.java:684) ~[mongodb-driver-core-4.6.1.jar:na]
	at com.mongodb.internal.connection.UsageTrackingInternalConnection$2.onResult(UsageTrackingInternalConnection.java:159) ~[mongodb-driver-core-4.6.1.jar:na]
	at com.mongodb.internal.async.ErrorHandlingResultCallback.onResult(ErrorHandlingResultCallback.java:48) ~[mongodb-driver-core-4.6.1.jar:na]
	at com.mongodb.internal.connection.InternalStreamConnection$2$1.onResult(InternalStreamConnection.java:523) ~[mongodb-driver-core-4.6.1.jar:na]
	at com.mongodb.internal.connection.InternalStreamConnection$2$1.onResult(InternalStreamConnection.java:498) ~[mongodb-driver-core-4.6.1.jar:na]
	at com.mongodb.internal.connection.InternalStreamConnection$MessageHeaderCallback$MessageCallback.onResult(InternalStreamConnection.java:821) ~[mongodb-driver-core-4.6.1.jar:na]
	at com.mongodb.internal.connection.InternalStreamConnection$MessageHeaderCallback$MessageCallback.onResult(InternalStreamConnection.java:785) ~[mongodb-driver-core-4.6.1.jar:na]
	at com.mongodb.internal.connection.InternalStreamConnection$5.completed(InternalStreamConnection.java:645) ~[mongodb-driver-core-4.6.1.jar:na]
	at com.mongodb.internal.connection.InternalStreamConnection$5.completed(InternalStreamConnection.java:642) ~[mongodb-driver-core-4.6.1.jar:na]
	at com.mongodb.connection.netty.NettyStream.readAsync(NettyStream.java:319) ~[mongodb-driver-core-4.6.1.jar:na]
	at com.mongodb.connection.netty.NettyStream.readAsync(NettyStream.java:266) ~[mongodb-driver-core-4.6.1.jar:na]
	at com.mongodb.internal.connection.InternalStreamConnection.readAsync(InternalStreamConnection.java:642) ~[mongodb-driver-core-4.6.1.jar:na]
	at com.mongodb.internal.connection.InternalStreamConnection.access$600(InternalStreamConnection.java:86) ~[mongodb-driver-core-4.6.1.jar:na]
	at com.mongodb.internal.connection.InternalStreamConnection$MessageHeaderCallback.onResult(InternalStreamConnection.java:775) ~[mongodb-driver-core-4.6.1.jar:na]
	at com.mongodb.internal.connection.InternalStreamConnection$MessageHeaderCallback.onResult(InternalStreamConnection.java:760) ~[mongodb-driver-core-4.6.1.jar:na]
	at com.mongodb.internal.connection.InternalStreamConnection$5.completed(InternalStreamConnection.java:645) ~[mongodb-driver-core-4.6.1.jar:na]
	at com.mongodb.internal.connection.InternalStreamConnection$5.completed(InternalStreamConnection.java:642) ~[mongodb-driver-core-4.6.1.jar:na]
	at com.mongodb.connection.netty.NettyStream.readAsync(NettyStream.java:319) ~[mongodb-driver-core-4.6.1.jar:na]
	at com.mongodb.connection.netty.NettyStream.handleReadResponse(NettyStream.java:347) ~[mongodb-driver-core-4.6.1.jar:na]
	at com.mongodb.connection.netty.NettyStream.access$1100(NettyStream.java:105) ~[mongodb-driver-core-4.6.1.jar:na]
	at com.mongodb.connection.netty.NettyStream$InboundBufferHandler.channelRead0(NettyStream.java:421) ~[mongodb-driver-core-4.6.1.jar:na]
	at com.mongodb.connection.netty.NettyStream$InboundBufferHandler.channelRead0(NettyStream.java:418) ~[mongodb-driver-core-4.6.1.jar:na]
	at io.netty.channel.SimpleChannelInboundHandler.channelRead(SimpleChannelInboundHandler.java:99) ~[netty-transport-4.1.79.Final.jar:4.1.79.Final]
	at io.netty.channel.AbstractChannelHandlerContext.invokeChannelRead(AbstractChannelHandlerContext.java:379) ~[netty-transport-4.1.79.Final.jar:4.1.79.Final]
	at io.netty.channel.AbstractChannelHandlerContext.invokeChannelRead(AbstractChannelHandlerContext.java:365) ~[netty-transport-4.1.79.Final.jar:4.1.79.Final]
	at io.netty.channel.AbstractChannelHandlerContext.fireChannelRead(AbstractChannelHandlerContext.java:357) ~[netty-transport-4.1.79.Final.jar:4.1.79.Final]
	at io.netty.channel.DefaultChannelPipeline$HeadContext.channelRead(DefaultChannelPipeline.java:1410) ~[netty-transport-4.1.79.Final.jar:4.1.79.Final]
	at io.netty.channel.AbstractChannelHandlerContext.invokeChannelRead(AbstractChannelHandlerContext.java:379) ~[netty-transport-4.1.79.Final.jar:4.1.79.Final]
	at io.netty.channel.AbstractChannelHandlerContext.invokeChannelRead(AbstractChannelHandlerContext.java:365) ~[netty-transport-4.1.79.Final.jar:4.1.79.Final]
	at io.netty.channel.DefaultChannelPipeline.fireChannelRead(DefaultChannelPipeline.java:919) ~[netty-transport-4.1.79.Final.jar:4.1.79.Final]
	at io.netty.channel.nio.AbstractNioByteChannel$NioByteUnsafe.read(AbstractNioByteChannel.java:166) ~[netty-transport-4.1.79.Final.jar:4.1.79.Final]
	at io.netty.channel.nio.NioEventLoop.processSelectedKey(NioEventLoop.java:722) ~[netty-transport-4.1.79.Final.jar:4.1.79.Final]
	at io.netty.channel.nio.NioEventLoop.processSelectedKeysOptimized(NioEventLoop.java:658) ~[netty-transport-4.1.79.Final.jar:4.1.79.Final]
	at io.netty.channel.nio.NioEventLoop.processSelectedKeys(NioEventLoop.java:584) ~[netty-transport-4.1.79.Final.jar:4.1.79.Final]
	at io.netty.channel.nio.NioEventLoop.run(NioEventLoop.java:496) ~[netty-transport-4.1.79.Final.jar:4.1.79.Final]
	at io.netty.util.concurrent.SingleThreadEventExecutor$4.run(SingleThreadEventExecutor.java:997) ~[netty-common-4.1.79.Final.jar:4.1.79.Final]
	at io.netty.util.internal.ThreadExecutorMap$2.run(ThreadExecutorMap.java:74) ~[netty-common-4.1.79.Final.jar:4.1.79.Final]
	at io.netty.util.concurrent.FastThreadLocalRunnable.run(FastThreadLocalRunnable.java:30) ~[netty-common-4.1.79.Final.jar:4.1.79.Final]
	at java.base/java.lang.Thread.run(Thread.java:833) ~[na:na]
Caused by: com.mongodb.MongoCommandException: Command failed with error 13 (Unauthorized): 'command insert requires authentication' on server localhost:27017. The full response is {"ok": 0.0, "errmsg": "command insert requires authentication", "code": 13, "codeName": "Unauthorized"}
	at com.mongodb.internal.connection.ProtocolHelper.getCommandFailureException(ProtocolHelper.java:198) ~[mongodb-driver-core-4.6.1.jar:na]
	at com.mongodb.internal.connection.InternalStreamConnection$2$1.onResult(InternalStreamConnection.java:512) ~[mongodb-driver-core-4.6.1.jar:na]
	... 35 common frames omitted

2022-09-11 16:21:50.992 ERROR 73006 --- [ntLoopGroup-3-4] Number=101, roomNumber=202, teacherId=2) : 

org.springframework.data.mongodb.UncategorizedMongoDbException: Command failed with error 13 (Unauthorized): 'command insert requires authentication' on server localhost:27017. The full response is {"ok": 0.0, "errmsg": "command insert requires authentication", "code": 13, "codeName": "Unauthorized"}; nested exception is com.mongodb.MongoCommandException: Command failed with error 13 (Unauthorized): 'command insert requires authentication' on server localhost:27017. The full response is {"ok": 0.0, "errmsg": "command insert requires authentication", "code": 13, "codeName": "Unauthorized"}
	at org.springframework.data.mongodb.core.MongoExceptionTranslator.translateExceptionIfPossible(MongoExceptionTranslator.java:140) ~[spring-data-mongodb-3.4.2.jar:3.4.2]
	at org.springframework.data.mongodb.core.ReactiveMongoTemplate.potentiallyConvertRuntimeException(ReactiveMongoTemplate.java:2954) ~[spring-data-mongodb-3.4.2.jar:3.4.2]
	at org.springframework.data.mongodb.core.ReactiveMongoTemplate.lambda$translateException$89(ReactiveMongoTemplate.java:2937) ~[spring-data-mongodb-3.4.2.jar:3.4.2]
	at reactor.core.publisher.Flux.lambda$onErrorMap$28(Flux.java:6908) ~[reactor-core-3.4.22.jar:3.4.22]
	at reactor.core.publisher.FluxOnErrorResume$ResumeSubscriber.onError(FluxOnErrorResume.java:94) ~[reactor-core-3.4.22.jar:3.4.22]
	at reactor.core.publisher.MonoFlatMapMany$FlatMapManyInner.onError(MonoFlatMapMany.java:255) ~[reactor-core-3.4.22.jar:3.4.22]
	at reactor.core.publisher.FluxMap$MapSubscriber.onError(FluxMap.java:134) ~[reactor-core-3.4.22.jar:3.4.22]
	at reactor.core.publisher.FluxOnErrorResume$ResumeSubscriber.onError(FluxOnErrorResume.java:106) ~[reactor-core-3.4.22.jar:3.4.22]
	at reactor.core.publisher.Operators.error(Operators.java:198) ~[reactor-core-3.4.22.jar:3.4.22]
	at reactor.core.publisher.MonoError.subscribe(MonoError.java:53) ~[reactor-core-3.4.22.jar:3.4.22]
	at reactor.core.publisher.Mono.subscribe(Mono.java:4397) ~[reactor-core-3.4.22.jar:3.4.22]
	at reactor.core.publisher.FluxOnErrorResume$ResumeSubscriber.onError(FluxOnErrorResume.java:103) ~[reactor-core-3.4.22.jar:3.4.22]
	at reactor.core.publisher.MonoNext$NextSubscriber.onError(MonoNext.java:93) ~[reactor-core-3.4.22.jar:3.4.22]
	at reactor.core.publisher.MonoNext$NextSubscriber.onError(MonoNext.java:93) ~[reactor-core-3.4.22.jar:3.4.22]
	at reactor.core.publisher.MonoFlatMap$FlatMapMain.secondError(MonoFlatMap.java:192) ~[reactor-core-3.4.22.jar:3.4.22]
	at reactor.core.publisher.MonoFlatMap$FlatMapInner.onError(MonoFlatMap.java:259) ~[reactor-core-3.4.22.jar:3.4.22]
	at reactor.core.publisher.MonoPeekTerminal$MonoTerminalPeekSubscriber.onError(MonoPeekTerminal.java:258) ~[reactor-core-3.4.22.jar:3.4.22]
	at reactor.core.publisher.MonoCreate$DefaultMonoSink.error(MonoCreate.java:201) ~[reactor-core-3.4.22.jar:3.4.22]
	at com.mongodb.reactivestreams.client.internal.MongoOperationPublisher.lambda$sinkToCallback$30(MongoOperationPublisher.java:545) ~[mongodb-driver-reactivestreams-4.6.1.jar:na]
	at com.mongodb.reactivestreams.client.internal.OperationExecutorImpl.lambda$execute$9(OperationExecutorImpl.java:124) ~[mongodb-driver-reactivestreams-4.6.1.jar:na]
	at com.mongodb.internal.async.ErrorHandlingResultCallback.onResult(ErrorHandlingResultCallback.java:48) ~[mongodb-driver-core-4.6.1.jar:na]
	at com.mongodb.internal.operation.CommandOperationHelper.lambda$exceptionTransformingCallback$23(CommandOperationHelper.java:632) ~[mongodb-driver-core-4.6.1.jar:na]
	at com.mongodb.internal.async.function.AsyncCallbackSupplier.lambda$whenComplete$1(AsyncCallbackSupplier.java:95) ~[mongodb-driver-core-4.6.1.jar:na]
	at com.mongodb.internal.async.function.RetryingAsyncCallbackSupplier$RetryingCallback.onResult(RetryingAsyncCallbackSupplier.java:109) ~[mongodb-driver-core-4.6.1.jar:na]
	at com.mongodb.internal.async.ErrorHandlingResultCallback.onResult(ErrorHandlingResultCallback.java:48) ~[mongodb-driver-core-4.6.1.jar:na]
	at com.mongodb.internal.async.function.AsyncCallbackSupplier.lambda$whenComplete$1(AsyncCallbackSupplier.java:95) ~[mongodb-driver-core-4.6.1.jar:na]
	at com.mongodb.internal.async.ErrorHandlingResultCallback.onResult(ErrorHandlingResultCallback.java:48) ~[mongodb-driver-core-4.6.1.jar:na]
	at com.mongodb.internal.async.function.AsyncCallbackSupplier.lambda$whenComplete$1(AsyncCallbackSupplier.java:95) ~[mongodb-driver-core-4.6.1.jar:na]
	at com.mongodb.internal.operation.MixedBulkWriteOperation.lambda$executeBulkWriteBatchAsync$11(MixedBulkWriteOperation.java:454) ~[mongodb-driver-core-4.6.1.jar:na]
	at com.mongodb.internal.async.function.AsyncCallbackLoop$LoopingCallback.onResult(AsyncCallbackLoop.java:72) ~[mongodb-driver-core-4.6.1.jar:na]
	at com.mongodb.internal.async.function.AsyncCallbackLoop$LoopingCallback.onResult(AsyncCallbackLoop.java:61) ~[mongodb-driver-core-4.6.1.jar:na]
	at com.mongodb.internal.operation.MixedBulkWriteOperation.lambda$executeBulkWriteBatchAsync$9(MixedBulkWriteOperation.java:448) ~[mongodb-driver-core-4.6.1.jar:na]
	at com.mongodb.internal.async.ErrorHandlingResultCallback.onResult(ErrorHandlingResultCallback.java:48) ~[mongodb-driver-core-4.6.1.jar:na]
	at com.mongodb.internal.connection.DefaultServer$DefaultServerProtocolExecutor$2.onResult(DefaultServer.java:272) ~[mongodb-driver-core-4.6.1.jar:na]
	at com.mongodb.internal.async.ErrorHandlingResultCallback.onResult(ErrorHandlingResultCallback.java:48) ~[mongodb-driver-core-4.6.1.jar:na]
	at com.mongodb.internal.connection.CommandProtocolImpl$1.onResult(CommandProtocolImpl.java:82) ~[mongodb-driver-core-4.6.1.jar:na]
	at com.mongodb.internal.connection.DefaultConnectionPool$PooledConnection$1.onResult(DefaultConnectionPool.java:684) ~[mongodb-driver-core-4.6.1.jar:na]
	at com.mongodb.internal.connection.UsageTrackingInternalConnection$2.onResult(UsageTrackingInternalConnection.java:159) ~[mongodb-driver-core-4.6.1.jar:na]
	at com.mongodb.internal.async.ErrorHandlingResultCallback.onResult(ErrorHandlingResultCallback.java:48) ~[mongodb-driver-core-4.6.1.jar:na]
	at com.mongodb.internal.connection.InternalStreamConnection$2$1.onResult(InternalStreamConnection.java:523) ~[mongodb-driver-core-4.6.1.jar:na]
	at com.mongodb.internal.connection.InternalStreamConnection$2$1.onResult(InternalStreamConnection.java:498) ~[mongodb-driver-core-4.6.1.jar:na]
	at com.mongodb.internal.connection.InternalStreamConnection$MessageHeaderCallback$MessageCallback.onResult(InternalStreamConnection.java:821) ~[mongodb-driver-core-4.6.1.jar:na]
	at com.mongodb.internal.connection.InternalStreamConnection$MessageHeaderCallback$MessageCallback.onResult(InternalStreamConnection.java:785) ~[mongodb-driver-core-4.6.1.jar:na]
	at com.mongodb.internal.connection.InternalStreamConnection$5.completed(InternalStreamConnection.java:645) ~[mongodb-driver-core-4.6.1.jar:na]
	at com.mongodb.internal.connection.InternalStreamConnection$5.completed(InternalStreamConnection.java:642) ~[mongodb-driver-core-4.6.1.jar:na]
	at com.mongodb.connection.netty.NettyStream.readAsync(NettyStream.java:319) ~[mongodb-driver-core-4.6.1.jar:na]
	at com.mongodb.connection.netty.NettyStream.readAsync(NettyStream.java:266) ~[mongodb-driver-core-4.6.1.jar:na]
	at com.mongodb.internal.connection.InternalStreamConnection.readAsync(InternalStreamConnection.java:642) ~[mongodb-driver-core-4.6.1.jar:na]
	at com.mongodb.internal.connection.InternalStreamConnection.access$600(InternalStreamConnection.java:86) ~[mongodb-driver-core-4.6.1.jar:na]
	at com.mongodb.internal.connection.InternalStreamConnection$MessageHeaderCallback.onResult(InternalStreamConnection.java:775) ~[mongodb-driver-core-4.6.1.jar:na]
	at com.mongodb.internal.connection.InternalStreamConnection$MessageHeaderCallback.onResult(InternalStreamConnection.java:760) ~[mongodb-driver-core-4.6.1.jar:na]
	at com.mongodb.internal.connection.InternalStreamConnection$5.completed(InternalStreamConnection.java:645) ~[mongodb-driver-core-4.6.1.jar:na]
	at com.mongodb.internal.connection.InternalStreamConnection$5.completed(InternalStreamConnection.java:642) ~[mongodb-driver-core-4.6.1.jar:na]
	at com.mongodb.connection.netty.NettyStream.readAsync(NettyStream.java:319) ~[mongodb-driver-core-4.6.1.jar:na]
	at com.mongodb.connection.netty.NettyStream.handleReadResponse(NettyStream.java:347) ~[mongodb-driver-core-4.6.1.jar:na]
	at com.mongodb.connection.netty.NettyStream.access$1100(NettyStream.java:105) ~[mongodb-driver-core-4.6.1.jar:na]
	at com.mongodb.connection.netty.NettyStream$InboundBufferHandler.channelRead0(NettyStream.java:421) ~[mongodb-driver-core-4.6.1.jar:na]
	at com.mongodb.connection.netty.NettyStream$InboundBufferHandler.channelRead0(NettyStream.java:418) ~[mongodb-driver-core-4.6.1.jar:na]
	at io.netty.channel.SimpleChannelInboundHandler.channelRead(SimpleChannelInboundHandler.java:99) ~[netty-transport-4.1.79.Final.jar:4.1.79.Final]
	at io.netty.channel.AbstractChannelHandlerContext.invokeChannelRead(AbstractChannelHandlerContext.java:379) ~[netty-transport-4.1.79.Final.jar:4.1.79.Final]
	at io.netty.channel.AbstractChannelHandlerContext.invokeChannelRead(AbstractChannelHandlerContext.java:365) ~[netty-transport-4.1.79.Final.jar:4.1.79.Final]
	at io.netty.channel.AbstractChannelHandlerContext.fireChannelRead(AbstractChannelHandlerContext.java:357) ~[netty-transport-4.1.79.Final.jar:4.1.79.Final]
	at io.netty.channel.DefaultChannelPipeline$HeadContext.channelRead(DefaultChannelPipeline.java:1410) ~[netty-transport-4.1.79.Final.jar:4.1.79.Final]
	at io.netty.channel.AbstractChannelHandlerContext.invokeChannelRead(AbstractChannelHandlerContext.java:379) ~[netty-transport-4.1.79.Final.jar:4.1.79.Final]
	at io.netty.channel.AbstractChannelHandlerContext.invokeChannelRead(AbstractChannelHandlerContext.java:365) ~[netty-transport-4.1.79.Final.jar:4.1.79.Final]
	at io.netty.channel.DefaultChannelPipeline.fireChannelRead(DefaultChannelPipeline.java:919) ~[netty-transport-4.1.79.Final.jar:4.1.79.Final]
	at io.netty.channel.nio.AbstractNioByteChannel$NioByteUnsafe.read(AbstractNioByteChannel.java:166) ~[netty-transport-4.1.79.Final.jar:4.1.79.Final]
	at io.netty.channel.nio.NioEventLoop.processSelectedKey(NioEventLoop.java:722) ~[netty-transport-4.1.79.Final.jar:4.1.79.Final]
	at io.netty.channel.nio.NioEventLoop.processSelectedKeysOptimized(NioEventLoop.java:658) ~[netty-transport-4.1.79.Final.jar:4.1.79.Final]
	at io.netty.channel.nio.NioEventLoop.processSelectedKeys(NioEventLoop.java:584) ~[netty-transport-4.1.79.Final.jar:4.1.79.Final]
	at io.netty.channel.nio.NioEventLoop.run(NioEventLoop.java:496) ~[netty-transport-4.1.79.Final.jar:4.1.79.Final]
	at io.netty.util.concurrent.SingleThreadEventExecutor$4.run(SingleThreadEventExecutor.java:997) ~[netty-common-4.1.79.Final.jar:4.1.79.Final]
	at io.netty.util.internal.ThreadExecutorMap$2.run(ThreadExecutorMap.java:74) ~[netty-common-4.1.79.Final.jar:4.1.79.Final]
	at io.netty.util.concurrent.FastThreadLocalRunnable.run(FastThreadLocalRunnable.java:30) ~[netty-common-4.1.79.Final.jar:4.1.79.Final]
	at java.base/java.lang.Thread.run(Thread.java:833) ~[na:na]
Caused by: com.mongodb.MongoCommandException: Command failed with error 13 (Unauthorized): 'command insert requires authentication' on server localhost:27017. The full response is {"ok": 0.0, "errmsg": "command insert requires authentication", "code": 13, "codeName": "Unauthorized"}
	at com.mongodb.internal.connection.ProtocolHelper.getCommandFailureException(ProtocolHelper.java:198) ~[mongodb-driver-core-4.6.1.jar:na]
	at com.mongodb.internal.connection.InternalStreamConnection$2$1.onResult(InternalStreamConnection.java:512) ~[mongodb-driver-core-4.6.1.jar:na]
	... 35 common frames omitted

2022-09-11 16:21:50.992 ERROR 73006 --- [ntLoopGroup-3-6] Number=103, roomNumber=204, teacherId=4) : 

org.springframework.data.mongodb.UncategorizedMongoDbException: Command failed with error 13 (Unauthorized): 'command insert requires authentication' on server localhost:27017. The full response is {"ok": 0.0, "errmsg": "command insert requires authentication", "code": 13, "codeName": "Unauthorized"}; nested exception is com.mongodb.MongoCommandException: Command failed with error 13 (Unauthorized): 'command insert requires authentication' on server localhost:27017. The full response is {"ok": 0.0, "errmsg": "command insert requires authentication", "code": 13, "codeName": "Unauthorized"}
	at org.springframework.data.mongodb.core.MongoExceptionTranslator.translateExceptionIfPossible(MongoExceptionTranslator.java:140) ~[spring-data-mongodb-3.4.2.jar:3.4.2]
	at org.springframework.data.mongodb.core.ReactiveMongoTemplate.potentiallyConvertRuntimeException(ReactiveMongoTemplate.java:2954) ~[spring-data-mongodb-3.4.2.jar:3.4.2]
	at org.springframework.data.mongodb.core.ReactiveMongoTemplate.lambda$translateException$89(ReactiveMongoTemplate.java:2937) ~[spring-data-mongodb-3.4.2.jar:3.4.2]
	at reactor.core.publisher.Flux.lambda$onErrorMap$28(Flux.java:6908) ~[reactor-core-3.4.22.jar:3.4.22]
	at reactor.core.publisher.FluxOnErrorResume$ResumeSubscriber.onError(FluxOnErrorResume.java:94) ~[reactor-core-3.4.22.jar:3.4.22]
	at reactor.core.publisher.MonoFlatMapMany$FlatMapManyInner.onError(MonoFlatMapMany.java:255) ~[reactor-core-3.4.22.jar:3.4.22]
	at reactor.core.publisher.FluxMap$MapSubscriber.onError(FluxMap.java:134) ~[reactor-core-3.4.22.jar:3.4.22]
	at reactor.core.publisher.FluxOnErrorResume$ResumeSubscriber.onError(FluxOnErrorResume.java:106) ~[reactor-core-3.4.22.jar:3.4.22]
	at reactor.core.publisher.Operators.error(Operators.java:198) ~[reactor-core-3.4.22.jar:3.4.22]
	at reactor.core.publisher.MonoError.subscribe(MonoError.java:53) ~[reactor-core-3.4.22.jar:3.4.22]
	at reactor.core.publisher.Mono.subscribe(Mono.java:4397) ~[reactor-core-3.4.22.jar:3.4.22]
	at reactor.core.publisher.FluxOnErrorResume$ResumeSubscriber.onError(FluxOnErrorResume.java:103) ~[reactor-core-3.4.22.jar:3.4.22]
	at reactor.core.publisher.MonoNext$NextSubscriber.onError(MonoNext.java:93) ~[reactor-core-3.4.22.jar:3.4.22]
	at reactor.core.publisher.MonoNext$NextSubscriber.onError(MonoNext.java:93) ~[reactor-core-3.4.22.jar:3.4.22]
	at reactor.core.publisher.MonoFlatMap$FlatMapMain.secondError(MonoFlatMap.java:192) ~[reactor-core-3.4.22.jar:3.4.22]
	at reactor.core.publisher.MonoFlatMap$FlatMapInner.onError(MonoFlatMap.java:259) ~[reactor-core-3.4.22.jar:3.4.22]
	at reactor.core.publisher.MonoPeekTerminal$MonoTerminalPeekSubscriber.onError(MonoPeekTerminal.java:258) ~[reactor-core-3.4.22.jar:3.4.22]
	at reactor.core.publisher.MonoCreate$DefaultMonoSink.error(MonoCreate.java:201) ~[reactor-core-3.4.22.jar:3.4.22]
	at com.mongodb.reactivestreams.client.internal.MongoOperationPublisher.lambda$sinkToCallback$30(MongoOperationPublisher.java:545) ~[mongodb-driver-reactivestreams-4.6.1.jar:na]
	at com.mongodb.reactivestreams.client.internal.OperationExecutorImpl.lambda$execute$9(OperationExecutorImpl.java:124) ~[mongodb-driver-reactivestreams-4.6.1.jar:na]
	at com.mongodb.internal.async.ErrorHandlingResultCallback.onResult(ErrorHandlingResultCallback.java:48) ~[mongodb-driver-core-4.6.1.jar:na]
	at com.mongodb.internal.operation.CommandOperationHelper.lambda$exceptionTransformingCallback$23(CommandOperationHelper.java:632) ~[mongodb-driver-core-4.6.1.jar:na]
	at com.mongodb.internal.async.function.AsyncCallbackSupplier.lambda$whenComplete$1(AsyncCallbackSupplier.java:95) ~[mongodb-driver-core-4.6.1.jar:na]
	at com.mongodb.internal.async.function.RetryingAsyncCallbackSupplier$RetryingCallback.onResult(RetryingAsyncCallbackSupplier.java:109) ~[mongodb-driver-core-4.6.1.jar:na]
	at com.mongodb.internal.async.ErrorHandlingResultCallback.onResult(ErrorHandlingResultCallback.java:48) ~[mongodb-driver-core-4.6.1.jar:na]
	at com.mongodb.internal.async.function.AsyncCallbackSupplier.lambda$whenComplete$1(AsyncCallbackSupplier.java:95) ~[mongodb-driver-core-4.6.1.jar:na]
	at com.mongodb.internal.async.ErrorHandlingResultCallback.onResult(ErrorHandlingResultCallback.java:48) ~[mongodb-driver-core-4.6.1.jar:na]
	at com.mongodb.internal.async.function.AsyncCallbackSupplier.lambda$whenComplete$1(AsyncCallbackSupplier.java:95) ~[mongodb-driver-core-4.6.1.jar:na]
	at com.mongodb.internal.operation.MixedBulkWriteOperation.lambda$executeBulkWriteBatchAsync$11(MixedBulkWriteOperation.java:454) ~[mongodb-driver-core-4.6.1.jar:na]
	at com.mongodb.internal.async.function.AsyncCallbackLoop$LoopingCallback.onResult(AsyncCallbackLoop.java:72) ~[mongodb-driver-core-4.6.1.jar:na]
	at com.mongodb.internal.async.function.AsyncCallbackLoop$LoopingCallback.onResult(AsyncCallbackLoop.java:61) ~[mongodb-driver-core-4.6.1.jar:na]
	at com.mongodb.internal.operation.MixedBulkWriteOperation.lambda$executeBulkWriteBatchAsync$9(MixedBulkWriteOperation.java:448) ~[mongodb-driver-core-4.6.1.jar:na]
	at com.mongodb.internal.async.ErrorHandlingResultCallback.onResult(ErrorHandlingResultCallback.java:48) ~[mongodb-driver-core-4.6.1.jar:na]
	at com.mongodb.internal.connection.DefaultServer$DefaultServerProtocolExecutor$2.onResult(DefaultServer.java:272) ~[mongodb-driver-core-4.6.1.jar:na]
	at com.mongodb.internal.async.ErrorHandlingResultCallback.onResult(ErrorHandlingResultCallback.java:48) ~[mongodb-driver-core-4.6.1.jar:na]
	at com.mongodb.internal.connection.CommandProtocolImpl$1.onResult(CommandProtocolImpl.java:82) ~[mongodb-driver-core-4.6.1.jar:na]
	at com.mongodb.internal.connection.DefaultConnectionPool$PooledConnection$1.onResult(DefaultConnectionPool.java:684) ~[mongodb-driver-core-4.6.1.jar:na]
	at com.mongodb.internal.connection.UsageTrackingInternalConnection$2.onResult(UsageTrackingInternalConnection.java:159) ~[mongodb-driver-core-4.6.1.jar:na]
	at com.mongodb.internal.async.ErrorHandlingResultCallback.onResult(ErrorHandlingResultCallback.java:48) ~[mongodb-driver-core-4.6.1.jar:na]
	at com.mongodb.internal.connection.InternalStreamConnection$2$1.onResult(InternalStreamConnection.java:523) ~[mongodb-driver-core-4.6.1.jar:na]
	at com.mongodb.internal.connection.InternalStreamConnection$2$1.onResult(InternalStreamConnection.java:498) ~[mongodb-driver-core-4.6.1.jar:na]
	at com.mongodb.internal.connection.InternalStreamConnection$MessageHeaderCallback$MessageCallback.onResult(InternalStreamConnection.java:821) ~[mongodb-driver-core-4.6.1.jar:na]
	at com.mongodb.internal.connection.InternalStreamConnection$MessageHeaderCallback$MessageCallback.onResult(InternalStreamConnection.java:785) ~[mongodb-driver-core-4.6.1.jar:na]
	at com.mongodb.internal.connection.InternalStreamConnection$5.completed(InternalStreamConnection.java:645) ~[mongodb-driver-core-4.6.1.jar:na]
	at com.mongodb.internal.connection.InternalStreamConnection$5.completed(InternalStreamConnection.java:642) ~[mongodb-driver-core-4.6.1.jar:na]
	at com.mongodb.connection.netty.NettyStream.readAsync(NettyStream.java:319) ~[mongodb-driver-core-4.6.1.jar:na]
	at com.mongodb.connection.netty.NettyStream.readAsync(NettyStream.java:266) ~[mongodb-driver-core-4.6.1.jar:na]
	at com.mongodb.internal.connection.InternalStreamConnection.readAsync(InternalStreamConnection.java:642) ~[mongodb-driver-core-4.6.1.jar:na]
	at com.mongodb.internal.connection.InternalStreamConnection.access$600(InternalStreamConnection.java:86) ~[mongodb-driver-core-4.6.1.jar:na]
	at com.mongodb.internal.connection.InternalStreamConnection$MessageHeaderCallback.onResult(InternalStreamConnection.java:775) ~[mongodb-driver-core-4.6.1.jar:na]
	at com.mongodb.internal.connection.InternalStreamConnection$MessageHeaderCallback.onResult(InternalStreamConnection.java:760) ~[mongodb-driver-core-4.6.1.jar:na]
	at com.mongodb.internal.connection.InternalStreamConnection$5.completed(InternalStreamConnection.java:645) ~[mongodb-driver-core-4.6.1.jar:na]
	at com.mongodb.internal.connection.InternalStreamConnection$5.completed(InternalStreamConnection.java:642) ~[mongodb-driver-core-4.6.1.jar:na]
	at com.mongodb.connection.netty.NettyStream.readAsync(NettyStream.java:319) ~[mongodb-driver-core-4.6.1.jar:na]
	at com.mongodb.connection.netty.NettyStream.handleReadResponse(NettyStream.java:347) ~[mongodb-driver-core-4.6.1.jar:na]
	at com.mongodb.connection.netty.NettyStream.access$1100(NettyStream.java:105) ~[mongodb-driver-core-4.6.1.jar:na]
	at com.mongodb.connection.netty.NettyStream$InboundBufferHandler.channelRead0(NettyStream.java:421) ~[mongodb-driver-core-4.6.1.jar:na]
	at com.mongodb.connection.netty.NettyStream$InboundBufferHandler.channelRead0(NettyStream.java:418) ~[mongodb-driver-core-4.6.1.jar:na]
	at io.netty.channel.SimpleChannelInboundHandler.channelRead(SimpleChannelInboundHandler.java:99) ~[netty-transport-4.1.79.Final.jar:4.1.79.Final]
	at io.netty.channel.AbstractChannelHandlerContext.invokeChannelRead(AbstractChannelHandlerContext.java:379) ~[netty-transport-4.1.79.Final.jar:4.1.79.Final]
	at io.netty.channel.AbstractChannelHandlerContext.invokeChannelRead(AbstractChannelHandlerContext.java:365) ~[netty-transport-4.1.79.Final.jar:4.1.79.Final]
	at io.netty.channel.AbstractChannelHandlerContext.fireChannelRead(AbstractChannelHandlerContext.java:357) ~[netty-transport-4.1.79.Final.jar:4.1.79.Final]
	at io.netty.channel.DefaultChannelPipeline$HeadContext.channelRead(DefaultChannelPipeline.java:1410) ~[netty-transport-4.1.79.Final.jar:4.1.79.Final]
	at io.netty.channel.AbstractChannelHandlerContext.invokeChannelRead(AbstractChannelHandlerContext.java:379) ~[netty-transport-4.1.79.Final.jar:4.1.79.Final]
	at io.netty.channel.AbstractChannelHandlerContext.invokeChannelRead(AbstractChannelHandlerContext.java:365) ~[netty-transport-4.1.79.Final.jar:4.1.79.Final]
	at io.netty.channel.DefaultChannelPipeline.fireChannelRead(DefaultChannelPipeline.java:919) ~[netty-transport-4.1.79.Final.jar:4.1.79.Final]
	at io.netty.channel.nio.AbstractNioByteChannel$NioByteUnsafe.read(AbstractNioByteChannel.java:166) ~[netty-transport-4.1.79.Final.jar:4.1.79.Final]
	at io.netty.channel.nio.NioEventLoop.processSelectedKey(NioEventLoop.java:722) ~[netty-transport-4.1.79.Final.jar:4.1.79.Final]
	at io.netty.channel.nio.NioEventLoop.processSelectedKeysOptimized(NioEventLoop.java:658) ~[netty-transport-4.1.79.Final.jar:4.1.79.Final]
	at io.netty.channel.nio.NioEventLoop.processSelectedKeys(NioEventLoop.java:584) ~[netty-transport-4.1.79.Final.jar:4.1.79.Final]
	at io.netty.channel.nio.NioEventLoop.run(NioEventLoop.java:496) ~[netty-transport-4.1.79.Final.jar:4.1.79.Final]
	at io.netty.util.concurrent.SingleThreadEventExecutor$4.run(SingleThreadEventExecutor.java:997) ~[netty-common-4.1.79.Final.jar:4.1.79.Final]
	at io.netty.util.internal.ThreadExecutorMap$2.run(ThreadExecutorMap.java:74) ~[netty-common-4.1.79.Final.jar:4.1.79.Final]
	at io.netty.util.concurrent.FastThreadLocalRunnable.run(FastThreadLocalRunnable.java:30) ~[netty-common-4.1.79.Final.jar:4.1.79.Final]
	at java.base/java.lang.Thread.run(Thread.java:833) ~[na:na]
Caused by: com.mongodb.MongoCommandException: Command failed with error 13 (Unauthorized): 'command insert requires authentication' on server localhost:27017. The full response is {"ok": 0.0, "errmsg": "command insert requires authentication", "code": 13, "codeName": "Unauthorized"}
	at com.mongodb.internal.connection.ProtocolHelper.getCommandFailureException(ProtocolHelper.java:198) ~[mongodb-driver-core-4.6.1.jar:na]
	at com.mongodb.internal.connection.InternalStreamConnection$2$1.onResult(InternalStreamConnection.java:512) ~[mongodb-driver-core-4.6.1.jar:na]
	... 35 common frames omitted

2022-09-11 16:21:50.992 ERROR 73006 --- [ntLoopGroup-3-5] Number=102, roomNumber=203, teacherId=3) : 

org.springframework.data.mongodb.UncategorizedMongoDbException: Command failed with error 13 (Unauthorized): 'command insert requires authentication' on server localhost:27017. The full response is {"ok": 0.0, "errmsg": "command insert requires authentication", "code": 13, "codeName": "Unauthorized"}; nested exception is com.mongodb.MongoCommandException: Command failed with error 13 (Unauthorized): 'command insert requires authentication' on server localhost:27017. The full response is {"ok": 0.0, "errmsg": "command insert requires authentication", "code": 13, "codeName": "Unauthorized"}
	at org.springframework.data.mongodb.core.MongoExceptionTranslator.translateExceptionIfPossible(MongoExceptionTranslator.java:140) ~[spring-data-mongodb-3.4.2.jar:3.4.2]
	at org.springframework.data.mongodb.core.ReactiveMongoTemplate.potentiallyConvertRuntimeException(ReactiveMongoTemplate.java:2954) ~[spring-data-mongodb-3.4.2.jar:3.4.2]
	at org.springframework.data.mongodb.core.ReactiveMongoTemplate.lambda$translateException$89(ReactiveMongoTemplate.java:2937) ~[spring-data-mongodb-3.4.2.jar:3.4.2]
	at reactor.core.publisher.Flux.lambda$onErrorMap$28(Flux.java:6908) ~[reactor-core-3.4.22.jar:3.4.22]
	at reactor.core.publisher.FluxOnErrorResume$ResumeSubscriber.onError(FluxOnErrorResume.java:94) ~[reactor-core-3.4.22.jar:3.4.22]
	at reactor.core.publisher.MonoFlatMapMany$FlatMapManyInner.onError(MonoFlatMapMany.java:255) ~[reactor-core-3.4.22.jar:3.4.22]
	at reactor.core.publisher.FluxMap$MapSubscriber.onError(FluxMap.java:134) ~[reactor-core-3.4.22.jar:3.4.22]
	at reactor.core.publisher.FluxOnErrorResume$ResumeSubscriber.onError(FluxOnErrorResume.java:106) ~[reactor-core-3.4.22.jar:3.4.22]
	at reactor.core.publisher.Operators.error(Operators.java:198) ~[reactor-core-3.4.22.jar:3.4.22]
	at reactor.core.publisher.MonoError.subscribe(MonoError.java:53) ~[reactor-core-3.4.22.jar:3.4.22]
	at reactor.core.publisher.Mono.subscribe(Mono.java:4397) ~[reactor-core-3.4.22.jar:3.4.22]
	at reactor.core.publisher.FluxOnErrorResume$ResumeSubscriber.onError(FluxOnErrorResume.java:103) ~[reactor-core-3.4.22.jar:3.4.22]
	at reactor.core.publisher.MonoNext$NextSubscriber.onError(MonoNext.java:93) ~[reactor-core-3.4.22.jar:3.4.22]
	at reactor.core.publisher.MonoNext$NextSubscriber.onError(MonoNext.java:93) ~[reactor-core-3.4.22.jar:3.4.22]
	at reactor.core.publisher.MonoFlatMap$FlatMapMain.secondError(MonoFlatMap.java:192) ~[reactor-core-3.4.22.jar:3.4.22]
	at reactor.core.publisher.MonoFlatMap$FlatMapInner.onError(MonoFlatMap.java:259) ~[reactor-core-3.4.22.jar:3.4.22]
	at reactor.core.publisher.MonoPeekTerminal$MonoTerminalPeekSubscriber.onError(MonoPeekTerminal.java:258) ~[reactor-core-3.4.22.jar:3.4.22]
	at reactor.core.publisher.MonoCreate$DefaultMonoSink.error(MonoCreate.java:201) ~[reactor-core-3.4.22.jar:3.4.22]
	at com.mongodb.reactivestreams.client.internal.MongoOperationPublisher.lambda$sinkToCallback$30(MongoOperationPublisher.java:545) ~[mongodb-driver-reactivestreams-4.6.1.jar:na]
	at com.mongodb.reactivestreams.client.internal.OperationExecutorImpl.lambda$execute$9(OperationExecutorImpl.java:124) ~[mongodb-driver-reactivestreams-4.6.1.jar:na]
	at com.mongodb.internal.async.ErrorHandlingResultCallback.onResult(ErrorHandlingResultCallback.java:48) ~[mongodb-driver-core-4.6.1.jar:na]
	at com.mongodb.internal.operation.CommandOperationHelper.lambda$exceptionTransformingCallback$23(CommandOperationHelper.java:632) ~[mongodb-driver-core-4.6.1.jar:na]
	at com.mongodb.internal.async.function.AsyncCallbackSupplier.lambda$whenComplete$1(AsyncCallbackSupplier.java:95) ~[mongodb-driver-core-4.6.1.jar:na]
	at com.mongodb.internal.async.function.RetryingAsyncCallbackSupplier$RetryingCallback.onResult(RetryingAsyncCallbackSupplier.java:109) ~[mongodb-driver-core-4.6.1.jar:na]
	at com.mongodb.internal.async.ErrorHandlingResultCallback.onResult(ErrorHandlingResultCallback.java:48) ~[mongodb-driver-core-4.6.1.jar:na]
	at com.mongodb.internal.async.function.AsyncCallbackSupplier.lambda$whenComplete$1(AsyncCallbackSupplier.java:95) ~[mongodb-driver-core-4.6.1.jar:na]
	at com.mongodb.internal.async.ErrorHandlingResultCallback.onResult(ErrorHandlingResultCallback.java:48) ~[mongodb-driver-core-4.6.1.jar:na]
	at com.mongodb.internal.async.function.AsyncCallbackSupplier.lambda$whenComplete$1(AsyncCallbackSupplier.java:95) ~[mongodb-driver-core-4.6.1.jar:na]
	at com.mongodb.internal.operation.MixedBulkWriteOperation.lambda$executeBulkWriteBatchAsync$11(MixedBulkWriteOperation.java:454) ~[mongodb-driver-core-4.6.1.jar:na]
	at com.mongodb.internal.async.function.AsyncCallbackLoop$LoopingCallback.onResult(AsyncCallbackLoop.java:72) ~[mongodb-driver-core-4.6.1.jar:na]
	at com.mongodb.internal.async.function.AsyncCallbackLoop$LoopingCallback.onResult(AsyncCallbackLoop.java:61) ~[mongodb-driver-core-4.6.1.jar:na]
	at com.mongodb.internal.operation.MixedBulkWriteOperation.lambda$executeBulkWriteBatchAsync$9(MixedBulkWriteOperation.java:448) ~[mongodb-driver-core-4.6.1.jar:na]
	at com.mongodb.internal.async.ErrorHandlingResultCallback.onResult(ErrorHandlingResultCallback.java:48) ~[mongodb-driver-core-4.6.1.jar:na]
	at com.mongodb.internal.connection.DefaultServer$DefaultServerProtocolExecutor$2.onResult(DefaultServer.java:272) ~[mongodb-driver-core-4.6.1.jar:na]
	at com.mongodb.internal.async.ErrorHandlingResultCallback.onResult(ErrorHandlingResultCallback.java:48) ~[mongodb-driver-core-4.6.1.jar:na]
	at com.mongodb.internal.connection.CommandProtocolImpl$1.onResult(CommandProtocolImpl.java:82) ~[mongodb-driver-core-4.6.1.jar:na]
	at com.mongodb.internal.connection.DefaultConnectionPool$PooledConnection$1.onResult(DefaultConnectionPool.java:684) ~[mongodb-driver-core-4.6.1.jar:na]
	at com.mongodb.internal.connection.UsageTrackingInternalConnection$2.onResult(UsageTrackingInternalConnection.java:159) ~[mongodb-driver-core-4.6.1.jar:na]
	at com.mongodb.internal.async.ErrorHandlingResultCallback.onResult(ErrorHandlingResultCallback.java:48) ~[mongodb-driver-core-4.6.1.jar:na]
	at com.mongodb.internal.connection.InternalStreamConnection$2$1.onResult(InternalStreamConnection.java:523) ~[mongodb-driver-core-4.6.1.jar:na]
	at com.mongodb.internal.connection.InternalStreamConnection$2$1.onResult(InternalStreamConnection.java:498) ~[mongodb-driver-core-4.6.1.jar:na]
	at com.mongodb.internal.connection.InternalStreamConnection$MessageHeaderCallback$MessageCallback.onResult(InternalStreamConnection.java:821) ~[mongodb-driver-core-4.6.1.jar:na]
	at com.mongodb.internal.connection.InternalStreamConnection$MessageHeaderCallback$MessageCallback.onResult(InternalStreamConnection.java:785) ~[mongodb-driver-core-4.6.1.jar:na]
	at com.mongodb.internal.connection.InternalStreamConnection$5.completed(InternalStreamConnection.java:645) ~[mongodb-driver-core-4.6.1.jar:na]
	at com.mongodb.internal.connection.InternalStreamConnection$5.completed(InternalStreamConnection.java:642) ~[mongodb-driver-core-4.6.1.jar:na]
	at com.mongodb.connection.netty.NettyStream.readAsync(NettyStream.java:319) ~[mongodb-driver-core-4.6.1.jar:na]
	at com.mongodb.connection.netty.NettyStream.readAsync(NettyStream.java:266) ~[mongodb-driver-core-4.6.1.jar:na]
	at com.mongodb.internal.connection.InternalStreamConnection.readAsync(InternalStreamConnection.java:642) ~[mongodb-driver-core-4.6.1.jar:na]
	at com.mongodb.internal.connection.InternalStreamConnection.access$600(InternalStreamConnection.java:86) ~[mongodb-driver-core-4.6.1.jar:na]
	at com.mongodb.internal.connection.InternalStreamConnection$MessageHeaderCallback.onResult(InternalStreamConnection.java:775) ~[mongodb-driver-core-4.6.1.jar:na]
	at com.mongodb.internal.connection.InternalStreamConnection$MessageHeaderCallback.onResult(InternalStreamConnection.java:760) ~[mongodb-driver-core-4.6.1.jar:na]
	at com.mongodb.internal.connection.InternalStreamConnection$5.completed(InternalStreamConnection.java:645) ~[mongodb-driver-core-4.6.1.jar:na]
	at com.mongodb.internal.connection.InternalStreamConnection$5.completed(InternalStreamConnection.java:642) ~[mongodb-driver-core-4.6.1.jar:na]
	at com.mongodb.connection.netty.NettyStream.readAsync(NettyStream.java:319) ~[mongodb-driver-core-4.6.1.jar:na]
	at com.mongodb.connection.netty.NettyStream.handleReadResponse(NettyStream.java:347) ~[mongodb-driver-core-4.6.1.jar:na]
	at com.mongodb.connection.netty.NettyStream.access$1100(NettyStream.java:105) ~[mongodb-driver-core-4.6.1.jar:na]
[...]
	at com.mongodb.internal.operation.MixedBulkWriteOperation.lambda$executeBulkWriteBatchAsync$11(MixedBulkWriteOperation.java:454) ~[mongodb-driver-core-4.6.1.jar:na]
	at com.mongodb.internal.async.function.AsyncCallbackLoop$LoopingCallback.onResult(AsyncCallbackLoop.java:72) ~[mongodb-driver-core-4.6.1.jar:na]
	at com.mongodb.internal.async.function.AsyncCallbackLoop$LoopingCallback.onResult(AsyncCallbackLoop.java:61) ~[mongodb-driver-core-4.6.1.jar:na]
	at com.mongodb.internal.operation.MixedBulkWriteOperation.lambda$executeBulkWriteBatchAsync$9(MixedBulkWriteOperation.java:448) ~[mongodb-driver-core-4.6.1.jar:na]
	at com.mongodb.internal.async.ErrorHandlingResultCallback.onResult(ErrorHandlingResultCallback.java:48) ~[mongodb-driver-core-4.6.1.jar:na]
	at com.mongodb.internal.connection.DefaultServer$DefaultServerProtocolExecutor$2.onResult(DefaultServer.java:272) ~[mongodb-driver-core-4.6.1.jar:na]
	at com.mongodb.internal.async.ErrorHandlingResultCallback.onResult(ErrorHandlingResultCallback.java:48) ~[mongodb-driver-core-4.6.1.jar:na]
	at com.mongodb.internal.connection.CommandProtocolImpl$1.onResult(CommandProtocolImpl.java:82) ~[mongodb-driver-core-4.6.1.jar:na]
	at com.mongodb.internal.connection.DefaultConnectionPool$PooledConnection$1.onResult(DefaultConnectionPool.java:684) ~[mongodb-driver-core-4.6.1.jar:na]
	at com.mongodb.internal.connection.UsageTrackingInternalConnection$2.onResult(UsageTrackingInternalConnection.java:159) ~[mongodb-driver-core-4.6.1.jar:na]
	at com.mongodb.internal.async.ErrorHandlingResultCallback.onResult(ErrorHandlingResultCallback.java:48) ~[mongodb-driver-core-4.6.1.jar:na]
	at com.mongodb.internal.connection.InternalStreamConnection$2$1.onResult(InternalStreamConnection.java:523) ~[mongodb-driver-core-4.6.1.jar:na]
	at com.mongodb.internal.connection.InternalStreamConnection$2$1.onResult(InternalStreamConnection.java:498) ~[mongodb-driver-core-4.6.1.jar:na]
	at com.mongodb.internal.connection.InternalStreamConnection$MessageHeaderCallback$MessageCallback.onResult(InternalStreamConnection.java:821) ~[mongodb-driver-core-4.6.1.jar:na]
	at com.mongodb.internal.connection.InternalStreamConnection$MessageHeaderCallback$MessageCallback.onResult(InternalStreamConnection.java:785) ~[mongodb-driver-core-4.6.1.jar:na]
	at com.mongodb.internal.connection.InternalStreamConnection$5.completed(InternalStreamConnection.java:645) ~[mongodb-driver-core-4.6.1.jar:na]
	at com.mongodb.internal.connection.InternalStreamConnection$5.completed(InternalStreamConnection.java:642) ~[mongodb-driver-core-4.6.1.jar:na]
	at com.mongodb.connection.netty.NettyStream.readAsync(NettyStream.java:319) ~[mongodb-driver-core-4.6.1.jar:na]
	at com.mongodb.connection.netty.NettyStream.readAsync(NettyStream.java:266) ~[mongodb-driver-core-4.6.1.jar:na]
	at com.mongodb.internal.connection.InternalStreamConnection.readAsync(InternalStreamConnection.java:642) ~[mongodb-driver-core-4.6.1.jar:na]
	at com.mongodb.internal.connection.InternalStreamConnection.access$600(InternalStreamConnection.java:86) ~[mongodb-driver-core-4.6.1.jar:na]
	at com.mongodb.internal.connection.InternalStreamConnection$MessageHeaderCallback.onResult(InternalStreamConnection.java:775) ~[mongodb-driver-core-4.6.1.jar:na]
	at com.mongodb.internal.connection.InternalStreamConnection$MessageHeaderCallback.onResult(InternalStreamConnection.java:760) ~[mongodb-driver-core-4.6.1.jar:na]
	at com.mongodb.internal.connection.InternalStreamConnection$5.completed(InternalStreamConnection.java:645) ~[mongodb-driver-core-4.6.1.jar:na]
	at com.mongodb.internal.connection.InternalStreamConnection$5.completed(InternalStreamConnection.java:642) ~[mongodb-driver-core-4.6.1.jar:na]
	at com.mongodb.connection.netty.NettyStream.readAsync(NettyStream.java:319) ~[mongodb-driver-core-4.6.1.jar:na]
	at com.mongodb.connection.netty.NettyStream.handleReadResponse(NettyStream.java:347) ~[mongodb-driver-core-4.6.1.jar:na]
	at com.mongodb.connection.netty.NettyStream.access$1100(NettyStream.java:105) ~[mongodb-driver-core-4.6.1.jar:na]
	at com.mongodb.connection.netty.NettyStream$InboundBufferHandler.channelRead0(NettyStream.java:421) ~[mongodb-driver-core-4.6.1.jar:na]
	at com.mongodb.connection.netty.NettyStream$InboundBufferHandler.channelRead0(NettyStream.java:418) ~[mongodb-driver-core-4.6.1.jar:na]
	at io.netty.channel.SimpleChannelInboundHandler.channelRead(SimpleChannelInboundHandler.java:99) ~[netty-transport-4.1.79.Final.jar:4.1.79.Final]
	at io.netty.channel.AbstractChannelHandlerContext.invokeChannelRead(AbstractChannelHandlerContext.java:379) ~[netty-transport-4.1.79.Final.jar:4.1.79.Final]
	at io.netty.channel.AbstractChannelHandlerContext.invokeChannelRead(AbstractChannelHandlerContext.java:365) ~[netty-transport-4.1.79.Final.jar:4.1.79.Final]
	at io.netty.channel.AbstractChannelHandlerContext.fireChannelRead(AbstractChannelHandlerContext.java:357) ~[netty-transport-4.1.79.Final.jar:4.1.79.Final]
	at io.netty.channel.DefaultChannelPipeline$HeadContext.channelRead(DefaultChannelPipeline.java:1410) ~[netty-transport-4.1.79.Final.jar:4.1.79.Final]
	at io.netty.channel.AbstractChannelHandlerContext.invokeChannelRead(AbstractChannelHandlerContext.java:379) ~[netty-transport-4.1.79.Final.jar:4.1.79.Final]
	at io.netty.channel.AbstractChannelHandlerContext.invokeChannelRead(AbstractChannelHandlerContext.java:365) ~[netty-transport-4.1.79.Final.jar:4.1.79.Final]
	at io.netty.channel.DefaultChannelPipeline.fireChannelRead(DefaultChannelPipeline.java:919) ~[netty-transport-4.1.79.Final.jar:4.1.79.Final]
	at io.netty.channel.nio.AbstractNioByteChannel$NioByteUnsafe.read(AbstractNioByteChannel.java:166) ~[netty-transport-4.1.79.Final.jar:4.1.79.Final]
	at io.netty.channel.nio.NioEventLoop.processSelectedKey(NioEventLoop.java:722) ~[netty-transport-4.1.79.Final.jar:4.1.79.Final]
	at io.netty.channel.nio.NioEventLoop.processSelectedKeysOptimized(NioEventLoop.java:658) ~[netty-transport-4.1.79.Final.jar:4.1.79.Final]
	at io.netty.channel.nio.NioEventLoop.processSelectedKeys(NioEventLoop.java:584) ~[netty-transport-4.1.79.Final.jar:4.1.79.Final]
	at io.netty.channel.nio.NioEventLoop.run(NioEventLoop.java:496) ~[netty-transport-4.1.79.Final.jar:4.1.79.Final]
	at io.netty.util.concurrent.SingleThreadEventExecutor$4.run(SingleThreadEventExecutor.java:997) ~[netty-common-4.1.79.Final.jar:4.1.79.Final]
	at io.netty.util.internal.ThreadExecutorMap$2.run(ThreadExecutorMap.java:74) ~[netty-common-4.1.79.Final.jar:4.1.79.Final]
	at io.netty.util.concurrent.FastThreadLocalRunnable.run(FastThreadLocalRunnable.java:30) ~[netty-common-4.1.79.Final.jar:4.1.79.Final]
	at java.base/java.lang.Thread.run(Thread.java:833) ~[na:na]
Caused by: com.mongodb.MongoCommandException: Command failed with error 13 (Unauthorized): 'command insert requires authentication' on server localhost:27017. The full response is {"ok": 0.0, "errmsg": "command insert requires authentication", "code": 13, "codeName": "Unauthorized"}
	at com.mongodb.internal.connection.ProtocolHelper.getCommandFailureException(ProtocolHelper.java:198) ~[mongodb-driver-core-4.6.1.jar:na]
	at com.mongodb.internal.connection.InternalStreamConnection$2$1.onResult(InternalStreamConnection.java:512) ~[mongodb-driver-core-4.6.1.jar:na]
	... 35 common frames omitted

2022-09-11 16:21:51.001  INFO 73006 --- [ntLoopGroup-3-3] Number=104, roomNumber=205, teacherId=5) : | cancel()
2022-09-11 16:21:51.005 ERROR 73006 --- [ntLoopGroup-3-3] reactor.core.publisher.Operators         : Operator called default onErrorDropped

reactor.core.Exceptions$ErrorCallbackNotImplemented: org.springframework.data.mongodb.UncategorizedMongoDbException: Command failed with error 13 (Unauthorized): 'command insert requires authentication' on server localhost:27017. The full response is {"ok": 0.0, "errmsg": "command insert requires authentication", "code": 13, "codeName": "Unauthorized"}; nested exception is com.mongodb.MongoCommandException: Command failed with error 13 (Unauthorized): 'command insert requires authentication' on server localhost:27017. The full response is {"ok": 0.0, "errmsg": "command insert requires authentication", "code": 13, "codeName": "Unauthorized"}
Caused by: org.springframework.data.mongodb.UncategorizedMongoDbException: Command failed with error 13 (Unauthorized): 'command insert requires authentication' on server localhost:27017. The full response is {"ok": 0.0, "errmsg": "command insert requires authentication", "code": 13, "codeName": "Unauthorized"}; nested exception is com.mongodb.MongoCommandException: Command failed with error 13 (Unauthorized): 'command insert requires authentication' on server localhost:27017. The full response is {"ok": 0.0, "errmsg": "command insert requires authentication", "code": 13, "codeName": "Unauthorized"}
	at org.springframework.data.mongodb.core.MongoExceptionTranslator.translateExceptionIfPossible(MongoExceptionTranslator.java:140) ~[spring-data-mongodb-3.4.2.jar:3.4.2]
	at org.springframework.data.mongodb.core.ReactiveMongoTemplate.potentiallyConvertRuntimeException(ReactiveMongoTemplate.java:2954) ~[spring-data-mongodb-3.4.2.jar:3.4.2]
	at org.springframework.data.mongodb.core.ReactiveMongoTemplate.lambda$translateException$89(ReactiveMongoTemplate.java:2937) ~[spring-data-mongodb-3.4.2.jar:3.4.2]
	at reactor.core.publisher.Flux.lambda$onErrorMap$28(Flux.java:6908) ~[reactor-core-3.4.22.jar:3.4.22]
	at reactor.core.publisher.FluxOnErrorResume$ResumeSubscriber.onError(FluxOnErrorResume.java:94) ~[reactor-core-3.4.22.jar:3.4.22]
	at reactor.core.publisher.MonoFlatMapMany$FlatMapManyInner.onError(MonoFlatMapMany.java:255) ~[reactor-core-3.4.22.jar:3.4.22]
	at reactor.core.publisher.FluxMap$MapSubscriber.onError(FluxMap.java:134) ~[reactor-core-3.4.22.jar:3.4.22]
	at reactor.core.publisher.FluxOnErrorResume$ResumeSubscriber.onError(FluxOnErrorResume.java:106) ~[reactor-core-3.4.22.jar:3.4.22]
	at reactor.core.publisher.Operators.error(Operators.java:198) ~[reactor-core-3.4.22.jar:3.4.22]
	at reactor.core.publisher.MonoError.subscribe(MonoError.java:53) ~[reactor-core-3.4.22.jar:3.4.22]
	at reactor.core.publisher.Mono.subscribe(Mono.java:4397) ~[reactor-core-3.4.22.jar:3.4.22]
	at reactor.core.publisher.FluxOnErrorResume$ResumeSubscriber.onError(FluxOnErrorResume.java:103) ~[reactor-core-3.4.22.jar:3.4.22]
	at reactor.core.publisher.MonoNext$NextSubscriber.onError(MonoNext.java:93) ~[reactor-core-3.4.22.jar:3.4.22]
	at reactor.core.publisher.MonoNext$NextSubscriber.onError(MonoNext.java:93) ~[reactor-core-3.4.22.jar:3.4.22]
	at reactor.core.publisher.MonoFlatMap$FlatMapMain.secondError(MonoFlatMap.java:192) ~[reactor-core-3.4.22.jar:3.4.22]
	at reactor.core.publisher.MonoFlatMap$FlatMapInner.onError(MonoFlatMap.java:259) ~[reactor-core-3.4.22.jar:3.4.22]
	at reactor.core.publisher.MonoPeekTerminal$MonoTerminalPeekSubscriber.onError(MonoPeekTerminal.java:258) ~[reactor-core-3.4.22.jar:3.4.22]
	at reactor.core.publisher.MonoCreate$DefaultMonoSink.error(MonoCreate.java:201) ~[reactor-core-3.4.22.jar:3.4.22]
	at com.mongodb.reactivestreams.client.internal.MongoOperationPublisher.lambda$sinkToCallback$30(MongoOperationPublisher.java:545) ~[mongodb-driver-reactivestreams-4.6.1.jar:na]
	at com.mongodb.reactivestreams.client.internal.OperationExecutorImpl.lambda$execute$9(OperationExecutorImpl.java:124) ~[mongodb-driver-reactivestreams-4.6.1.jar:na]
	at com.mongodb.internal.async.ErrorHandlingResultCallback.onResult(ErrorHandlingResultCallback.java:48) ~[mongodb-driver-core-4.6.1.jar:na]
	at com.mongodb.internal.operation.CommandOperationHelper.lambda$exceptionTransformingCallback$23(CommandOperationHelper.java:632) ~[mongodb-driver-core-4.6.1.jar:na]
	at com.mongodb.internal.async.function.AsyncCallbackSupplier.lambda$whenComplete$1(AsyncCallbackSupplier.java:95) ~[mongodb-driver-core-4.6.1.jar:na]
	at com.mongodb.internal.async.function.RetryingAsyncCallbackSupplier$RetryingCallback.onResult(RetryingAsyncCallbackSupplier.java:109) ~[mongodb-driver-core-4.6.1.jar:na]
	at com.mongodb.internal.async.ErrorHandlingResultCallback.onResult(ErrorHandlingResultCallback.java:48) ~[mongodb-driver-core-4.6.1.jar:na]
	at com.mongodb.internal.async.function.AsyncCallbackSupplier.lambda$whenComplete$1(AsyncCallbackSupplier.java:95) ~[mongodb-driver-core-4.6.1.jar:na]
	at com.mongodb.internal.async.ErrorHandlingResultCallback.onResult(ErrorHandlingResultCallback.java:48) ~[mongodb-driver-core-4.6.1.jar:na]
	at com.mongodb.internal.async.function.AsyncCallbackSupplier.lambda$whenComplete$1(AsyncCallbackSupplier.java:95) ~[mongodb-driver-core-4.6.1.jar:na]
	at com.mongodb.internal.operation.MixedBulkWriteOperation.lambda$executeBulkWriteBatchAsync$11(MixedBulkWriteOperation.java:454) ~[mongodb-driver-core-4.6.1.jar:na]
	at com.mongodb.internal.async.function.AsyncCallbackLoop$LoopingCallback.onResult(AsyncCallbackLoop.java:72) ~[mongodb-driver-core-4.6.1.jar:na]
	at com.mongodb.internal.async.function.AsyncCallbackLoop$LoopingCallback.onResult(AsyncCallbackLoop.java:61) ~[mongodb-driver-core-4.6.1.jar:na]
	at com.mongodb.internal.operation.MixedBulkWriteOperation.lambda$executeBulkWriteBatchAsync$9(MixedBulkWriteOperation.java:448) ~[mongodb-driver-core-4.6.1.jar:na]
	at com.mongodb.internal.async.ErrorHandlingResultCallback.onResult(ErrorHandlingResultCallback.java:48) ~[mongodb-driver-core-4.6.1.jar:na]
	at com.mongodb.internal.connection.DefaultServer$DefaultServerProtocolExecutor$2.onResult(DefaultServer.java:272) ~[mongodb-driver-core-4.6.1.jar:na]
	at com.mongodb.internal.async.ErrorHandlingResultCallback.onResult(ErrorHandlingResultCallback.java:48) ~[mongodb-driver-core-4.6.1.jar:na]
	at com.mongodb.internal.connection.CommandProtocolImpl$1.onResult(CommandProtocolImpl.java:82) ~[mongodb-driver-core-4.6.1.jar:na]
	at com.mongodb.internal.connection.DefaultConnectionPool$PooledConnection$1.onResult(DefaultConnectionPool.java:684) ~[mongodb-driver-core-4.6.1.jar:na]
	at com.mongodb.internal.connection.UsageTrackingInternalConnection$2.onResult(UsageTrackingInternalConnection.java:159) ~[mongodb-driver-core-4.6.1.jar:na]
	at com.mongodb.internal.async.ErrorHandlingResultCallback.onResult(ErrorHandlingResultCallback.java:48) ~[mongodb-driver-core-4.6.1.jar:na]
	at com.mongodb.internal.connection.InternalStreamConnection$2$1.onResult(InternalStreamConnection.java:523) ~[mongodb-driver-core-4.6.1.jar:na]
	at com.mongodb.internal.connection.InternalStreamConnection$2$1.onResult(InternalStreamConnection.java:498) ~[mongodb-driver-core-4.6.1.jar:na]
	at com.mongodb.internal.connection.InternalStreamConnection$MessageHeaderCallback$MessageCallback.onResult(InternalStreamConnection.java:821) ~[mongodb-driver-core-4.6.1.jar:na]
	at com.mongodb.internal.connection.InternalStreamConnection$MessageHeaderCallback$MessageCallback.onResult(InternalStreamConnection.java:785) ~[mongodb-driver-core-4.6.1.jar:na]
	at com.mongodb.internal.connection.InternalStreamConnection$5.completed(InternalStreamConnection.java:645) ~[mongodb-driver-core-4.6.1.jar:na]
	at com.mongodb.internal.connection.InternalStreamConnection$5.completed(InternalStreamConnection.java:642) ~[mongodb-driver-core-4.6.1.jar:na]
	at com.mongodb.connection.netty.NettyStream.readAsync(NettyStream.java:319) ~[mongodb-driver-core-4.6.1.jar:na]
	at com.mongodb.connection.netty.NettyStream.readAsync(NettyStream.java:266) ~[mongodb-driver-core-4.6.1.jar:na]
	at com.mongodb.internal.connection.InternalStreamConnection.readAsync(InternalStreamConnection.java:642) ~[mongodb-driver-core-4.6.1.jar:na]
	at com.mongodb.internal.connection.InternalStreamConnection.access$600(InternalStreamConnection.java:86) ~[mongodb-driver-core-4.6.1.jar:na]
	at com.mongodb.internal.connection.InternalStreamConnection$MessageHeaderCallback.onResult(InternalStreamConnection.java:775) ~[mongodb-driver-core-4.6.1.jar:na]
	at com.mongodb.internal.connection.InternalStreamConnection$MessageHeaderCallback.onResult(InternalStreamConnection.java:760) ~[mongodb-driver-core-4.6.1.jar:na]
	at com.mongodb.internal.connection.InternalStreamConnection$5.completed(InternalStreamConnection.java:645) ~[mongodb-driver-core-4.6.1.jar:na]
	at com.mongodb.internal.connection.InternalStreamConnection$5.completed(InternalStreamConnection.java:642) ~[mongodb-driver-core-4.6.1.jar:na]
	at com.mongodb.connection.netty.NettyStream.readAsync(NettyStream.java:319) ~[mongodb-driver-core-4.6.1.jar:na]
	at com.mongodb.connection.netty.NettyStream.handleReadResponse(NettyStream.java:347) ~[mongodb-driver-core-4.6.1.jar:na]
	at com.mongodb.connection.netty.NettyStream.access$1100(NettyStream.java:105) ~[mongodb-driver-core-4.6.1.jar:na]
	at com.mongodb.connection.netty.NettyStream$InboundBufferHandler.channelRead0(NettyStream.java:421) ~[mongodb-driver-core-4.6.1.jar:na]
	at com.mongodb.connection.netty.NettyStream$InboundBufferHandler.channelRead0(NettyStream.java:418) ~[mongodb-driver-core-4.6.1.jar:na]
	at io.netty.channel.SimpleChannelInboundHandler.channelRead(SimpleChannelInboundHandler.java:99) ~[netty-transport-4.1.79.Final.jar:4.1.79.Final]
	at io.netty.channel.AbstractChannelHandlerContext.invokeChannelRead(AbstractChannelHandlerContext.java:379) ~[netty-transport-4.1.79.Final.jar:4.1.79.Final]
	at io.netty.channel.AbstractChannelHandlerContext.invokeChannelRead(AbstractChannelHandlerContext.java:365) ~[netty-transport-4.1.79.Final.jar:4.1.79.Final]
	at io.netty.channel.AbstractChannelHandlerContext.fireChannelRead(AbstractChannelHandlerContext.java:357) ~[netty-transport-4.1.79.Final.jar:4.1.79.Final]
	at io.netty.channel.DefaultChannelPipeline$HeadContext.channelRead(DefaultChannelPipeline.java:1410) ~[netty-transport-4.1.79.Final.jar:4.1.79.Final]
	at io.netty.channel.AbstractChannelHandlerContext.invokeChannelRead(AbstractChannelHandlerContext.java:379) ~[netty-transport-4.1.79.Final.jar:4.1.79.Final]
	at io.netty.channel.AbstractChannelHandlerContext.invokeChannelRead(AbstractChannelHandlerContext.java:365) ~[netty-transport-4.1.79.Final.jar:4.1.79.Final]
	at io.netty.channel.DefaultChannelPipeline.fireChannelRead(DefaultChannelPipeline.java:919) ~[netty-transport-4.1.79.Final.jar:4.1.79.Final]
	at io.netty.channel.nio.AbstractNioByteChannel$NioByteUnsafe.read(AbstractNioByteChannel.java:166) ~[netty-transport-4.1.79.Final.jar:4.1.79.Final]
	at io.netty.channel.nio.NioEventLoop.processSelectedKey(NioEventLoop.java:722) ~[netty-transport-4.1.79.Final.jar:4.1.79.Final]
	at io.netty.channel.nio.NioEventLoop.processSelectedKeysOptimized(NioEventLoop.java:658) ~[netty-transport-4.1.79.Final.jar:4.1.79.Final]
	at io.netty.channel.nio.NioEventLoop.processSelectedKeys(NioEventLoop.java:584) ~[netty-transport-4.1.79.Final.jar:4.1.79.Final]
	at io.netty.channel.nio.NioEventLoop.run(NioEventLoop.java:496) ~[netty-transport-4.1.79.Final.jar:4.1.79.Final]
	at io.netty.util.concurrent.SingleThreadEventExecutor$4.run(SingleThreadEventExecutor.java:997) ~[netty-common-4.1.79.Final.jar:4.1.79.Final]
	at io.netty.util.internal.ThreadExecutorMap$2.run(ThreadExecutorMap.java:74) ~[netty-common-4.1.79.Final.jar:4.1.79.Final]
	at io.netty.util.concurrent.FastThreadLocalRunnable.run(FastThreadLocalRunnable.java:30) ~[netty-common-4.1.79.Final.jar:4.1.79.Final]
	at java.base/java.lang.Thread.run(Thread.java:833) ~[na:na]
Caused by: com.mongodb.MongoCommandException: Command failed with error 13 (Unauthorized): 'command insert requires authentication' on server localhost:27017. The full response is {"ok": 0.0, "errmsg": "command insert requires authentication", "code": 13, "codeName": "Unauthorized"}
	at com.mongodb.internal.connection.ProtocolHelper.getCommandFailureException(ProtocolHelper.java:198) ~[mongodb-driver-core-4.6.1.jar:na]
	at com.mongodb.internal.connection.InternalStreamConnection$2$1.onResult(InternalStreamConnection.java:512) ~[mongodb-driver-core-4.6.1.jar:na]
	... 35 common frames omitted

]]></system-out>
  <system-err><![CDATA[]]></system-err>
</testsuite>
